2021-12-27 20:13:44,204 fc_node.py [line:59] run INFO node 2's starts to run consensus on process id 138827 
2021-12-27 20:13:44,204 fc_node.py [line:50] prepare_bootstrap INFO node id 2 is inserting dummy payload TXs 
2021-12-27 20:30:33,706 fc_node.py [line:60] run INFO node 2's starts to run consensus on process id 139249 
2021-12-27 20:30:33,706 fc_node.py [line:50] prepare_bootstrap INFO node id 2 is inserting dummy payload TXs 
2021-12-27 20:34:41,235 fc_node.py [line:61] run INFO node 2's starts to run consensus on process id 139444 
2021-12-27 20:34:41,236 fc_node.py [line:51] prepare_bootstrap INFO node id 2 is inserting dummy payload TXs 
2021-12-27 20:36:43,066 fc_node.py [line:61] run INFO node 2's starts to run consensus on process id 139568 
2021-12-27 20:36:43,066 fc_node.py [line:51] prepare_bootstrap INFO node id 2 is inserting dummy payload TXs 
2021-12-27 20:49:22,801 fc_node.py [line:61] run INFO node 2's starts to run consensus on process id 139855 
2021-12-27 20:49:22,801 fc_node.py [line:51] prepare_bootstrap INFO node id 2 is inserting dummy payload TXs 
2021-12-27 20:52:43,440 fc_node.py [line:61] run INFO node 2's starts to run consensus on process id 140011 
2021-12-27 20:52:43,441 fc_node.py [line:51] prepare_bootstrap INFO node id 2 is inserting dummy payload TXs 
2021-12-28 10:05:57,248 fc_node.py [line:71] run INFO node 2's starts to run consensus on process id 153276 
2021-12-28 10:05:57,249 fc_node.py [line:61] prepare_bootstrap INFO node id 2 is inserting dummy payload TXs 
2021-12-28 10:08:11,890 fc_node.py [line:71] run INFO node 2's starts to run consensus on process id 153382 
2021-12-28 10:08:11,891 fc_node.py [line:61] prepare_bootstrap INFO node id 2 is inserting dummy payload TXs 
2021-12-28 13:19:58,811 fc_node.py [line:72] run INFO node 2's starts to run consensus on process id 160101 
2021-12-28 13:19:58,811 fc_node.py [line:62] prepare_bootstrap INFO node id 2 is inserting dummy payload TXs 
2021-12-28 13:21:34,394 fc_node.py [line:72] run INFO node 2's starts to run consensus on process id 160260 
2021-12-28 13:21:34,394 fc_node.py [line:62] prepare_bootstrap INFO node id 2 is inserting dummy payload TXs 
2021-12-28 13:31:43,702 fc_node.py [line:72] run INFO node 2's starts to run consensus on process id 160681 
2021-12-28 13:31:43,702 fc_node.py [line:62] prepare_bootstrap INFO node id 2 is inserting dummy payload TXs 
2021-12-28 13:40:29,066 fc_node.py [line:72] run INFO node 2's starts to run consensus on process id 160987 
2021-12-28 13:40:29,066 fc_node.py [line:62] prepare_bootstrap INFO node id 2 is inserting dummy payload TXs 
2021-12-28 13:41:54,807 fc_node.py [line:72] run INFO node 2's starts to run consensus on process id 161104 
2021-12-28 13:41:54,808 fc_node.py [line:62] prepare_bootstrap INFO node id 2 is inserting dummy payload TXs 
2021-12-28 13:43:04,917 fc_node.py [line:72] run INFO node 2's starts to run consensus on process id 161194 
2021-12-28 13:43:04,918 fc_node.py [line:62] prepare_bootstrap INFO node id 2 is inserting dummy payload TXs 
2021-12-28 13:44:47,463 fc_node.py [line:72] run INFO node 2's starts to run consensus on process id 161327 
2021-12-28 13:44:47,463 fc_node.py [line:62] prepare_bootstrap INFO node id 2 is inserting dummy payload TXs 
2021-12-28 13:45:16,889 fc_node.py [line:72] run INFO node 2's starts to run consensus on process id 161400 
2021-12-28 13:45:16,889 fc_node.py [line:62] prepare_bootstrap INFO node id 2 is inserting dummy payload TXs 
2021-12-28 13:48:12,585 fc_node.py [line:72] run INFO node 2's starts to run consensus on process id 161594 
2021-12-28 13:48:12,585 fc_node.py [line:62] prepare_bootstrap INFO node id 2 is inserting dummy payload TXs 
2021-12-28 15:17:01,051 fc_node.py [line:72] run INFO node 2's starts to run consensus on process id 163104 
2021-12-28 15:17:01,051 fc_node.py [line:62] prepare_bootstrap INFO node id 2 is inserting dummy payload TXs 
2021-12-28 15:18:49,146 fc_node.py [line:72] run INFO node 2's starts to run consensus on process id 163220 
2021-12-28 15:18:49,147 fc_node.py [line:62] prepare_bootstrap INFO node id 2 is inserting dummy payload TXs 
2021-12-28 15:34:54,609 fc_node.py [line:73] run INFO node 2's starts to run consensus on process id 163592 
2021-12-28 15:34:54,666 fc_node.py [line:63] prepare_bootstrap INFO node id 2 is inserting dummy payload TXs 
2021-12-28 15:35:55,613 fc_node.py [line:73] run INFO node 2's starts to run consensus on process id 163685 
2021-12-28 15:35:55,667 fc_node.py [line:63] prepare_bootstrap INFO node id 2 is inserting dummy payload TXs 
2021-12-28 15:40:50,261 fc_node.py [line:73] run INFO node 2's starts to run consensus on process id 163888 
2021-12-28 15:40:50,384 fc_node.py [line:63] prepare_bootstrap INFO node id 2 is inserting dummy payload TXs 
2021-12-28 15:43:34,413 fc_node.py [line:73] run INFO node 2's starts to run consensus on process id 164078 
2021-12-28 15:43:34,473 fc_node.py [line:63] prepare_bootstrap INFO node id 2 is inserting dummy payload TXs 
2021-12-28 15:50:03,236 fc_node.py [line:73] run INFO node 2's starts to run consensus on process id 164316 
2021-12-28 15:50:03,311 fc_node.py [line:63] prepare_bootstrap INFO node id 2 is inserting dummy payload TXs 
2021-12-28 15:58:23,117 fc_node.py [line:73] run INFO node 2's starts to run consensus on process id 164611 
2021-12-28 15:58:23,272 fc_node.py [line:63] prepare_bootstrap INFO node id 2 is inserting dummy payload TXs 
2021-12-28 20:31:03,504 fc_node.py [line:73] run INFO node 2's starts to run consensus on process id 171081 
2021-12-28 20:31:03,617 fc_node.py [line:63] prepare_bootstrap INFO node id 2 is inserting dummy payload TXs 
2021-12-28 20:45:27,490 fc_node.py [line:73] run INFO node 2's starts to run consensus on process id 171990 
2021-12-28 20:45:27,556 fc_node.py [line:63] prepare_bootstrap INFO node id 2 is inserting dummy payload TXs 
2021-12-28 21:04:48,462 fc_node.py [line:73] run INFO node 2's starts to run consensus on process id 172907 
2021-12-28 21:04:48,515 fc_node.py [line:63] prepare_bootstrap INFO node id 2 is inserting dummy payload TXs 
2021-12-28 21:23:58,651 fc_node.py [line:73] run INFO node 2's starts to run consensus on process id 173648 
2021-12-28 21:23:58,730 fc_node.py [line:63] prepare_bootstrap INFO node id 2 is inserting dummy payload TXs 
2021-12-28 21:33:54,731 fc_node.py [line:73] run INFO node 2's starts to run consensus on process id 174447 
2021-12-28 21:33:54,803 fc_node.py [line:63] prepare_bootstrap INFO node id 2 is inserting dummy payload TXs 
2021-12-29 10:04:48,248 fc_node.py [line:73] run INFO node 2's starts to run consensus on process id 182248 
2021-12-29 10:04:48,329 fc_node.py [line:63] prepare_bootstrap INFO node id 2 is inserting dummy payload TXs 
2021-12-29 10:13:00,224 fc_node.py [line:73] run INFO node 2's starts to run consensus on process id 182715 
2021-12-29 10:13:00,283 fc_node.py [line:63] prepare_bootstrap INFO node id 2 is inserting dummy payload TXs 
2021-12-29 10:18:58,202 fc_node.py [line:73] run INFO node 2's starts to run consensus on process id 182986 
2021-12-29 10:18:58,333 fc_node.py [line:63] prepare_bootstrap INFO node id 2 is inserting dummy payload TXs 
2021-12-29 10:55:32,198 fc_node.py [line:73] run INFO node 2's starts to run consensus on process id 185065 
2021-12-29 10:55:32,267 fc_node.py [line:63] prepare_bootstrap INFO node id 2 is inserting dummy payload TXs 
2021-12-29 11:08:54,204 fc_node.py [line:73] run INFO node 2's starts to run consensus on process id 185617 
2021-12-29 11:08:54,253 fc_node.py [line:63] prepare_bootstrap INFO node id 2 is inserting dummy payload TXs 
2021-12-29 11:20:03,137 fc_node.py [line:73] run INFO node 2's starts to run consensus on process id 186218 
2021-12-29 11:20:03,220 fc_node.py [line:63] prepare_bootstrap INFO node id 2 is inserting dummy payload TXs 
2021-12-29 11:26:04,806 fc_node.py [line:73] run INFO node 2's starts to run consensus on process id 186540 
2021-12-29 11:26:04,884 fc_node.py [line:63] prepare_bootstrap INFO node id 2 is inserting dummy payload TXs 
2021-12-29 11:27:42,946 fc_node.py [line:73] run INFO node 2's starts to run consensus on process id 186658 
2021-12-29 11:27:43,021 fc_node.py [line:63] prepare_bootstrap INFO node id 2 is inserting dummy payload TXs 
2021-12-29 11:30:36,220 fc_node.py [line:73] run INFO node 2's starts to run consensus on process id 186766 
2021-12-29 11:30:36,297 fc_node.py [line:63] prepare_bootstrap INFO node id 2 is inserting dummy payload TXs 
2021-12-29 11:33:21,283 fc_node.py [line:73] run INFO node 2's starts to run consensus on process id 186913 
2021-12-29 11:33:21,355 fc_node.py [line:63] prepare_bootstrap INFO node id 2 is inserting dummy payload TXs 
2021-12-29 11:35:39,033 fc_node.py [line:73] run INFO node 2's starts to run consensus on process id 187096 
2021-12-29 11:35:39,111 fc_node.py [line:63] prepare_bootstrap INFO node id 2 is inserting dummy payload TXs 
2021-12-29 11:38:44,676 fc_node.py [line:73] run INFO node 2's starts to run consensus on process id 187312 
2021-12-29 11:38:44,806 fc_node.py [line:63] prepare_bootstrap INFO node id 2 is inserting dummy payload TXs 
2021-12-29 11:41:34,236 fc_node.py [line:73] run INFO node 2's starts to run consensus on process id 187517 
2021-12-29 11:41:34,299 fc_node.py [line:63] prepare_bootstrap INFO node id 2 is inserting dummy payload TXs 
2021-12-29 11:43:05,428 fc_node.py [line:73] run INFO node 2's starts to run consensus on process id 187679 
2021-12-29 11:43:05,559 fc_node.py [line:63] prepare_bootstrap INFO node id 2 is inserting dummy payload TXs 
2021-12-29 11:47:07,285 fc_node.py [line:73] run INFO node 2's starts to run consensus on process id 187849 
2021-12-29 11:47:07,384 fc_node.py [line:63] prepare_bootstrap INFO node id 2 is inserting dummy payload TXs 
2021-12-29 12:31:56,639 fc_node.py [line:73] run INFO node 2's starts to run consensus on process id 188733 
2021-12-29 12:31:56,686 fc_node.py [line:63] prepare_bootstrap INFO node id 2 is inserting dummy payload TXs 
2021-12-29 12:33:45,972 fc_node.py [line:73] run INFO node 2's starts to run consensus on process id 188904 
2021-12-29 12:33:46,020 fc_node.py [line:63] prepare_bootstrap INFO node id 2 is inserting dummy payload TXs 
2021-12-29 12:37:19,779 fc_node.py [line:73] run INFO node 2's starts to run consensus on process id 189158 
2021-12-29 12:37:19,876 fc_node.py [line:63] prepare_bootstrap INFO node id 2 is inserting dummy payload TXs 
2021-12-29 12:45:38,749 fc_node.py [line:73] run INFO node 2's starts to run consensus on process id 189807 
2021-12-29 12:45:38,824 fc_node.py [line:63] prepare_bootstrap INFO node id 2 is inserting dummy payload TXs 
2021-12-29 13:16:53,995 fc_node.py [line:73] run INFO node 2's starts to run consensus on process id 190519 
2021-12-29 13:16:54,049 fc_node.py [line:63] prepare_bootstrap INFO node id 2 is inserting dummy payload TXs 
2021-12-29 13:36:46,928 fc_node.py [line:73] run INFO node 2's starts to run consensus on process id 191729 
2021-12-29 13:36:46,975 fc_node.py [line:63] prepare_bootstrap INFO node id 2 is inserting dummy payload TXs 
2021-12-29 13:41:42,792 fc_node.py [line:73] run INFO node 2's starts to run consensus on process id 192035 
2021-12-29 13:41:42,873 fc_node.py [line:63] prepare_bootstrap INFO node id 2 is inserting dummy payload TXs 
2021-12-29 13:53:38,994 fc_node.py [line:73] run INFO node 2's starts to run consensus on process id 192386 
2021-12-29 13:53:39,063 fc_node.py [line:63] prepare_bootstrap INFO node id 2 is inserting dummy payload TXs 
2021-12-29 16:00:28,977 fc_node.py [line:73] run INFO node 2's starts to run consensus on process id 194403 
2021-12-29 16:00:29,026 fc_node.py [line:63] prepare_bootstrap INFO node id 2 is inserting dummy payload TXs 
2021-12-29 16:10:35,949 fc_node.py [line:73] run INFO node 2's starts to run consensus on process id 194761 
2021-12-29 16:10:36,023 fc_node.py [line:63] prepare_bootstrap INFO node id 2 is inserting dummy payload TXs 
2021-12-29 16:15:03,938 fc_node.py [line:73] run INFO node 2's starts to run consensus on process id 194955 
2021-12-29 16:15:03,999 fc_node.py [line:63] prepare_bootstrap INFO node id 2 is inserting dummy payload TXs 
2021-12-29 16:47:35,976 fc_node.py [line:73] run INFO node 2's starts to run consensus on process id 196826 
2021-12-29 16:47:36,047 fc_node.py [line:63] prepare_bootstrap INFO node id 2 is inserting dummy payload TXs 
2021-12-29 16:58:20,421 fc_node.py [line:73] run INFO node 2's starts to run consensus on process id 197160 
2021-12-29 16:58:20,497 fc_node.py [line:63] prepare_bootstrap INFO node id 2 is inserting dummy payload TXs 
2021-12-29 17:05:44,039 fc_node.py [line:73] run INFO node 2's starts to run consensus on process id 197517 
2021-12-29 17:05:44,089 fc_node.py [line:63] prepare_bootstrap INFO node id 2 is inserting dummy payload TXs 
2021-12-29 17:15:41,708 fc_node.py [line:73] run INFO node 2's starts to run consensus on process id 197875 
2021-12-29 17:15:41,766 fc_node.py [line:63] prepare_bootstrap INFO node id 2 is inserting dummy payload TXs 
2021-12-29 17:25:37,314 fc_node.py [line:73] run INFO node 2's starts to run consensus on process id 198208 
2021-12-29 17:25:37,365 fc_node.py [line:63] prepare_bootstrap INFO node id 2 is inserting dummy payload TXs 
2021-12-29 17:32:46,193 fc_node.py [line:73] run INFO node 2's starts to run consensus on process id 198522 
2021-12-29 17:32:46,240 fc_node.py [line:63] prepare_bootstrap INFO node id 2 is inserting dummy payload TXs 
2021-12-29 18:50:45,419 fc_node.py [line:73] run INFO node 2's starts to run consensus on process id 200009 
2021-12-29 18:50:45,487 fc_node.py [line:63] prepare_bootstrap INFO node id 2 is inserting dummy payload TXs 
2021-12-29 18:54:50,973 fc_node.py [line:73] run INFO node 2's starts to run consensus on process id 200242 
2021-12-29 18:54:51,036 fc_node.py [line:63] prepare_bootstrap INFO node id 2 is inserting dummy payload TXs 
2021-12-29 18:59:26,981 fc_node.py [line:73] run INFO node 2's starts to run consensus on process id 200436 
2021-12-29 18:59:27,028 fc_node.py [line:63] prepare_bootstrap INFO node id 2 is inserting dummy payload TXs 
2021-12-29 19:08:35,252 fc_node.py [line:73] run INFO node 2's starts to run consensus on process id 201126 
2021-12-29 19:08:35,299 fc_node.py [line:63] prepare_bootstrap INFO node id 2 is inserting dummy payload TXs 
2021-12-29 19:24:56,987 fc_node.py [line:73] run INFO node 2's starts to run consensus on process id 201551 
2021-12-29 19:24:57,036 fc_node.py [line:63] prepare_bootstrap INFO node id 2 is inserting dummy payload TXs 
2021-12-29 22:01:02,649 fc_node.py [line:73] run INFO node 2's starts to run consensus on process id 209697 
2021-12-29 22:01:02,748 fc_node.py [line:63] prepare_bootstrap INFO node id 2 is inserting dummy payload TXs 
2022-02-16 20:21:10,361 fc_node.py [line:78] run INFO node 2's starts to run consensus on process id 47999 
2022-02-16 20:21:10,458 fc_node.py [line:68] prepare_bootstrap INFO node id 2 is inserting dummy payload TXs 
2022-02-16 20:23:01,484 fc_node.py [line:78] run INFO node 2's starts to run consensus on process id 48148 
2022-02-16 20:23:01,548 fc_node.py [line:68] prepare_bootstrap INFO node id 2 is inserting dummy payload TXs 
2022-02-16 20:24:18,408 fc_node.py [line:78] run INFO node 2's starts to run consensus on process id 48297 
2022-02-16 20:24:18,497 fc_node.py [line:68] prepare_bootstrap INFO node id 2 is inserting dummy payload TXs 
2022-02-16 20:28:03,881 fc_node.py [line:78] run INFO node 2's starts to run consensus on process id 48509 
2022-02-16 20:28:03,928 fc_node.py [line:68] prepare_bootstrap INFO node id 2 is inserting dummy payload TXs 
2022-02-16 20:28:03,928 fastconfirm.py [line:442] run_fast INFO 2 start consensus round: 1 
2022-02-16 20:28:04,834 fastconfirm.py [line:442] run_fast INFO 2 start consensus round: 2 
2022-02-16 20:28:05,740 fastconfirm.py [line:442] run_fast INFO 2 start consensus round: 3 
2022-02-16 20:31:01,615 fc_node.py [line:78] run INFO node 2's starts to run consensus on process id 48655 
2022-02-16 20:31:01,662 fc_node.py [line:68] prepare_bootstrap INFO node id 2 is inserting dummy payload TXs 
2022-02-16 20:31:01,662 fastconfirm.py [line:444] run_fast INFO 2 start consensus round: 1 
2022-02-16 20:31:02,568 fastconfirm.py [line:444] run_fast INFO 2 start consensus round: 2 
2022-02-16 20:31:03,372 fastconfirm.py [line:376] fastconfirm_round INFO output1 in round 2: (b'O?\xc3H\xa8\x18\x94\x1aFNA_\xffk\x9dAl\x1d\xdc;\x1cdt8a\xd3(\xfb\xc3E\xbc\xd6', ['<Dummy TX: 5IJNGVD2K4NWCX7VMYSG9LPBXFOBMOERTQ0T3FA5FHGBGVPJAGBNENSDXJ4EUL21DFNFV3B516SVE7MPPQPO7K7N4ZZQ5PNIW7MUPAMLASQB9BOL3FUGVQ6XBAMVYESBE1MINV0L36VGM2E7HBOQHUHF85VPPO4VLOIBK6K5B9KVHFJQQBD37NEEYOMD4K6WTCTNVGZ80HFO5YBU93OTAV3RDQTO8YPS4M0TP4JL2KQR4HXG>', '<Dummy TX: KZJUZUL6VOXQ0K8GVHYWDFL4HAX4MCNCR1OD6KFVQN3E352K5WIMJ17IDS0XTLBOTFUQ7JA03UL2TY9BEME8SKA0H5CMSH16VL9QVIJCDG9BPUY2U7V6HFBAOESGIJH6Y2C2DLF0GGCGOFNCC3CWVY2PIG0SA0Q5S1Z3V5AXGEYPQJG47LAAIHRF5VQU4UXAXBDI5FNPWERMSPP8R0E3LIXFW3G4WPLA12QHXBJPAEM46WF9>', '<Dummy TX: J6C5C9V6LG2FFECPSVK6UFGS3JUN4RTMNTKNH8ECJE70MEYP7C1PURR0YX8M5G14MW4BHAWFU0B0I4E26UXWWG6I01XWKS1SD4CO94IGSP1PYLT19NBH3VZ0NOSQBZ6Q7A5R97N9K1LDI570RYRRKZ9C49SLM8CK1Z9S0EN8NZTVCCXIGUFD26JLBESAEZSNTB22EYOEUFI34A31GLGS5QDFZOHEUBG7UZLWQYYNQNXUGSTX>']) 
2022-02-16 20:31:03,473 fastconfirm.py [line:444] run_fast INFO 2 start consensus round: 3 
2022-02-16 20:31:04,277 fastconfirm.py [line:376] fastconfirm_round INFO output1 in round 3: (b'O?\xc3H\xa8\x18\x94\x1aFNA_\xffk\x9dAl\x1d\xdc;\x1cdt8a\xd3(\xfb\xc3E\xbc\xd6', ['<Dummy TX: TYLINS3AYDVQKWQ87I3SLT0NXLUJ70VWWT9FATHL0ZQD4P9V7FOD2BWZ1B4LLVLH2AJUYEI1D6G0NIHUC8G5U9BKLKF1W3YQSG2RCA9ELWOSDL8UMGDMPPMZVDG7PP8V0FIRYAX9JLM5P71E5JESBZ7529P2FUU4KG3N9NVK4AN3BIG1CWVIEBNXLR2J2QT5THP3D7W925RPSVTW9BK1X8GZVHHXEWBE13BYW7UWB99S8TSO>', '<Dummy TX: 70CZ0DCM1MFKCM5TNPC12T86W4OF6DOBUEIX4G4NS10I7PEZYNLFH1JZKV8Q1T6Q4J63CH8OT2LBF911O0DKNW6DF45GQBED5IDD1DXVFRVOWVSH47QFBKXOOS07YZS6W6Z6MOYEIGU3XXA2A5IGC8TM6S2DW2N3MOR1R75MJ6IGXQ269JVTZUCALJ0ZD20LW9EEDHG1R9QBMNWSYKYC5TA102ZPHBFX0LGHPFR5QPH2OZHW>', '<Dummy TX: Q76IUCLE729OYA8J7VEXMU1G1Z8RFOUGFRQ425ZB20O1UQHCIV2WWEKDPYXNFEXM2IH4ZQT3S35LLQ3H2YV2SWRPGWNXUSKPFESH2K1BEL63QXQ2CC6HDMYWEU7Q0XOWB6QDUS5I92722OUSZG1CUCDMTC3BSNZU8JTMPINYGPLJD3Q7O79GMFK4GA32Y4CSH7J27A1USV712GYRHLGL3UCEGDO6DL85IAFQ6012X946NKVK>']) 
2022-02-28 09:23:07,596 fc_node.py [line:81] run INFO node 2's starts to run consensus on process id 50669 
2022-02-28 09:23:07,665 fc_node.py [line:71] prepare_bootstrap INFO node id 2 is inserting dummy payload TXs 
2022-02-28 09:23:07,665 fastconfirm.py [line:452] run_fast INFO 2 start consensus round: 1 
2022-02-28 09:23:11,684 fastconfirm.py [line:375] fastconfirm_round INFO output round1 directly 1 
2022-02-28 09:23:11,785 fastconfirm.py [line:452] run_fast INFO 2 start consensus round: 2 
2022-02-28 09:23:15,788 fastconfirm.py [line:383] fastconfirm_round INFO output1 in round 2: (b'O?\xc3H\xa8\x18\x94\x1aFNA_\xffk\x9dAl\x1d\xdc;\x1cdt8a\xd3(\xfb\xc3E\xbc\xd6', ['<Dummy TX: XEQK9ULT24AAHK6K490C436KMI7PSIL2ZDIU8TFKK1NL16V01OOMS296US5F8SHMSUK3LY5827KVVNBJ7PESYENE1WEAM31WYVBH6CB080Z6LK0W32A85XP4KIZ6YYEXLC1L5JRZDPKKP3LTJ72BVD79GYEH1U2XDQ6V9IB2OJ5ABHDML23G4Z7AO9H0XOVY7M6QYG18Y2E7M8KMKVJ1EWVUKL2SR2GTA5WJZ3XN82LBDNOE>', '<Dummy TX: JL2H1M0MJA9OYX62VOJ7QQDL4GAOR8QC9PC8AHSQN5NT9SQI54QG4A5UIT7XTSTCHQ8RFAMNB7SNG77GFHOF30TAB3K5NRGLNLVWZ50EJM82C22L8L18WDWX0UG65DH1CLN426SG6MQ0VUJYIABGA624HMMV0Q80N7C292LU8RW5UH0XKPBHM8OTM9V4U0T4UDLNLIUPIK02C8DRIQ1LJE36R2IVNKZ1PHQ02WSRZDTV0O7C>', '<Dummy TX: IYMG135TPX5YNNTRD24M2OPHSDV9F8XAZ65QJJQ6ZBYOWSL5HLJQCK2RKGSPVCBH8HW5815X0GCEZUSNT1N66NILG3W2Z6DCTU2WKQM3B5S03IXDI7URT9DPG2OX0UGI5HI37G8778IBTSAQV9F14JR8I6ICA1G1RNC1TMGNNPEQJUOMJOXFPZY0MVT7JZ8LBE34LBBFZ4C23QISVUK2IBZC9GU4Y5XPJ0XFICL3CLZ0YZSX>']) 
2022-02-28 09:23:15,889 fastconfirm.py [line:452] run_fast INFO 2 start consensus round: 3 
2022-02-28 09:23:19,892 fastconfirm.py [line:383] fastconfirm_round INFO output1 in round 3: (b'O?\xc3H\xa8\x18\x94\x1aFNA_\xffk\x9dAl\x1d\xdc;\x1cdt8a\xd3(\xfb\xc3E\xbc\xd6', ['<Dummy TX: BGMHB71UAJLMNL4IQRTDFY9NQ5JQPF6L2O3DT26ANF2TZF3W3DJ6BNSP8WJQWIBNGXUFBKP5AINFWTIEI879YOJSX3OWI4REKGOF7AX6TT529DC9I4LI46SVN9RE4DWSXP19NRZ9ZA8MVN8LKIOPN5Q2KXQ0B8U85SKWOTYP332EZN536ICV7257P8475KG438BFV9CMJZIH069MA71WOY8RB2YR34LFDF8OHQEFI2EVVZHR>', '<Dummy TX: Y4CD836MRA9KEFIPUM7TT945B3BNKCCFAWBC44QZ7KEVB4B8UXGEAD16OJTZ0DX0GWSC39VIMT1MKY0TDL3OTX6TG2ATL5KJHTT58CE3EYJ5R6ZLKCVCFFIPPJ02RHXKT3M9FL72PXPY0G5ZY70V43NMNDBVNRRN7SYXFT417ZGJFVDQYNV81DHU71YO3UNCO7NMS6MPKCOQTSP2VAHNIUOOJQEMJ0NXMSY7YEACEBTH1ZJ7>', '<Dummy TX: 93M63V7DQBFL7NYRYY76VPS89OO5RB5WF4WCUAA1BN3P2OUKB88N14F84MRV3P5DTZ2GKTEJZSTRLMT58C07KOGV4V4LSSJYALTFHJE9J0TJQH81TXNFZGZ693XNR01RBHRE5ZB98DHYSLAOVUFJCMBE04WUSQ8HZUKG63IA1QM6PQPIF6DHSHHF2PCZNL18AWXUA9LQ0H7DB3HV4EIRKBZF12TL64V1B3F80AG19SI963TI>']) 
