2021-12-27 20:13:44,203 fc_node.py [line:59] run INFO node 1's starts to run consensus on process id 138826 
2021-12-27 20:13:44,204 fc_node.py [line:50] prepare_bootstrap INFO node id 1 is inserting dummy payload TXs 
2021-12-27 20:30:33,689 fc_node.py [line:60] run INFO node 1's starts to run consensus on process id 139248 
2021-12-27 20:30:33,690 fc_node.py [line:50] prepare_bootstrap INFO node id 1 is inserting dummy payload TXs 
2021-12-27 20:34:41,223 fc_node.py [line:61] run INFO node 1's starts to run consensus on process id 139443 
2021-12-27 20:34:41,223 fc_node.py [line:51] prepare_bootstrap INFO node id 1 is inserting dummy payload TXs 
2021-12-27 20:36:43,079 fc_node.py [line:61] run INFO node 1's starts to run consensus on process id 139567 
2021-12-27 20:36:43,079 fc_node.py [line:51] prepare_bootstrap INFO node id 1 is inserting dummy payload TXs 
2021-12-27 20:49:22,711 fc_node.py [line:61] run INFO node 1's starts to run consensus on process id 139854 
2021-12-27 20:49:22,711 fc_node.py [line:51] prepare_bootstrap INFO node id 1 is inserting dummy payload TXs 
2021-12-27 20:52:43,363 fc_node.py [line:61] run INFO node 1's starts to run consensus on process id 140010 
2021-12-27 20:52:43,364 fc_node.py [line:51] prepare_bootstrap INFO node id 1 is inserting dummy payload TXs 
2021-12-28 10:05:57,267 fc_node.py [line:71] run INFO node 1's starts to run consensus on process id 153275 
2021-12-28 10:05:57,268 fc_node.py [line:61] prepare_bootstrap INFO node id 1 is inserting dummy payload TXs 
2021-12-28 10:08:11,937 fc_node.py [line:71] run INFO node 1's starts to run consensus on process id 153381 
2021-12-28 10:08:11,937 fc_node.py [line:61] prepare_bootstrap INFO node id 1 is inserting dummy payload TXs 
2021-12-28 13:19:58,869 fc_node.py [line:72] run INFO node 1's starts to run consensus on process id 160100 
2021-12-28 13:19:58,870 fc_node.py [line:62] prepare_bootstrap INFO node id 1 is inserting dummy payload TXs 
2021-12-28 13:21:34,359 fc_node.py [line:72] run INFO node 1's starts to run consensus on process id 160259 
2021-12-28 13:21:34,360 fc_node.py [line:62] prepare_bootstrap INFO node id 1 is inserting dummy payload TXs 
2021-12-28 13:31:43,711 fc_node.py [line:72] run INFO node 1's starts to run consensus on process id 160680 
2021-12-28 13:31:43,712 fc_node.py [line:62] prepare_bootstrap INFO node id 1 is inserting dummy payload TXs 
2021-12-28 13:40:29,106 fc_node.py [line:72] run INFO node 1's starts to run consensus on process id 160986 
2021-12-28 13:40:29,106 fc_node.py [line:62] prepare_bootstrap INFO node id 1 is inserting dummy payload TXs 
2021-12-28 13:41:54,698 fc_node.py [line:72] run INFO node 1's starts to run consensus on process id 161103 
2021-12-28 13:41:54,698 fc_node.py [line:62] prepare_bootstrap INFO node id 1 is inserting dummy payload TXs 
2021-12-28 13:43:04,968 fc_node.py [line:72] run INFO node 1's starts to run consensus on process id 161193 
2021-12-28 13:43:04,968 fc_node.py [line:62] prepare_bootstrap INFO node id 1 is inserting dummy payload TXs 
2021-12-28 13:44:47,482 fc_node.py [line:72] run INFO node 1's starts to run consensus on process id 161326 
2021-12-28 13:44:47,482 fc_node.py [line:62] prepare_bootstrap INFO node id 1 is inserting dummy payload TXs 
2021-12-28 13:45:16,934 fc_node.py [line:72] run INFO node 1's starts to run consensus on process id 161399 
2021-12-28 13:45:16,935 fc_node.py [line:62] prepare_bootstrap INFO node id 1 is inserting dummy payload TXs 
2021-12-28 13:48:12,575 fc_node.py [line:72] run INFO node 1's starts to run consensus on process id 161593 
2021-12-28 13:48:12,576 fc_node.py [line:62] prepare_bootstrap INFO node id 1 is inserting dummy payload TXs 
2021-12-28 15:17:01,043 fc_node.py [line:72] run INFO node 1's starts to run consensus on process id 163103 
2021-12-28 15:17:01,044 fc_node.py [line:62] prepare_bootstrap INFO node id 1 is inserting dummy payload TXs 
2021-12-28 15:18:49,214 fc_node.py [line:72] run INFO node 1's starts to run consensus on process id 163219 
2021-12-28 15:18:49,215 fc_node.py [line:62] prepare_bootstrap INFO node id 1 is inserting dummy payload TXs 
2021-12-28 15:34:54,459 fc_node.py [line:73] run INFO node 1's starts to run consensus on process id 163591 
2021-12-28 15:34:54,518 fc_node.py [line:63] prepare_bootstrap INFO node id 1 is inserting dummy payload TXs 
2021-12-28 15:35:55,586 fc_node.py [line:73] run INFO node 1's starts to run consensus on process id 163684 
2021-12-28 15:35:55,650 fc_node.py [line:63] prepare_bootstrap INFO node id 1 is inserting dummy payload TXs 
2021-12-28 15:40:50,241 fc_node.py [line:73] run INFO node 1's starts to run consensus on process id 163887 
2021-12-28 15:40:50,378 fc_node.py [line:63] prepare_bootstrap INFO node id 1 is inserting dummy payload TXs 
2021-12-28 15:43:34,442 fc_node.py [line:73] run INFO node 1's starts to run consensus on process id 164077 
2021-12-28 15:43:34,491 fc_node.py [line:63] prepare_bootstrap INFO node id 1 is inserting dummy payload TXs 
2021-12-28 15:50:03,241 fc_node.py [line:73] run INFO node 1's starts to run consensus on process id 164315 
2021-12-28 15:50:03,316 fc_node.py [line:63] prepare_bootstrap INFO node id 1 is inserting dummy payload TXs 
2021-12-28 15:58:23,122 fc_node.py [line:73] run INFO node 1's starts to run consensus on process id 164610 
2021-12-28 15:58:23,247 fc_node.py [line:63] prepare_bootstrap INFO node id 1 is inserting dummy payload TXs 
2021-12-28 20:31:03,529 fc_node.py [line:73] run INFO node 1's starts to run consensus on process id 171080 
2021-12-28 20:31:03,620 fc_node.py [line:63] prepare_bootstrap INFO node id 1 is inserting dummy payload TXs 
2021-12-28 20:45:27,564 fc_node.py [line:73] run INFO node 1's starts to run consensus on process id 171989 
2021-12-28 20:45:27,607 fc_node.py [line:63] prepare_bootstrap INFO node id 1 is inserting dummy payload TXs 
2021-12-28 21:04:48,440 fc_node.py [line:73] run INFO node 1's starts to run consensus on process id 172906 
2021-12-28 21:04:48,510 fc_node.py [line:63] prepare_bootstrap INFO node id 1 is inserting dummy payload TXs 
2021-12-28 21:22:55,647 fc_node.py [line:73] run INFO node 1's starts to run consensus on process id 173541 
2021-12-28 21:22:55,721 fc_node.py [line:63] prepare_bootstrap INFO node id 1 is inserting dummy payload TXs 
2021-12-28 21:24:00,619 fc_node.py [line:73] run INFO node 1's starts to run consensus on process id 173647 
2021-12-28 21:24:00,754 fc_node.py [line:63] prepare_bootstrap INFO node id 1 is inserting dummy payload TXs 
2021-12-28 21:33:54,733 fc_node.py [line:73] run INFO node 1's starts to run consensus on process id 174446 
2021-12-28 21:33:54,800 fc_node.py [line:63] prepare_bootstrap INFO node id 1 is inserting dummy payload TXs 
2021-12-29 10:04:48,193 fc_node.py [line:73] run INFO node 1's starts to run consensus on process id 182247 
2021-12-29 10:04:48,316 fc_node.py [line:63] prepare_bootstrap INFO node id 1 is inserting dummy payload TXs 
2021-12-29 10:10:29,404 fc_node.py [line:73] run INFO node 1's starts to run consensus on process id 182561 
2021-12-29 10:10:29,466 fc_node.py [line:63] prepare_bootstrap INFO node id 1 is inserting dummy payload TXs 
2021-12-29 10:13:00,251 fc_node.py [line:73] run INFO node 1's starts to run consensus on process id 182714 
2021-12-29 10:13:00,304 fc_node.py [line:63] prepare_bootstrap INFO node id 1 is inserting dummy payload TXs 
2021-12-29 10:18:58,203 fc_node.py [line:73] run INFO node 1's starts to run consensus on process id 182985 
2021-12-29 10:18:58,335 fc_node.py [line:63] prepare_bootstrap INFO node id 1 is inserting dummy payload TXs 
2021-12-29 10:55:32,221 fc_node.py [line:73] run INFO node 1's starts to run consensus on process id 185064 
2021-12-29 10:55:32,290 fc_node.py [line:63] prepare_bootstrap INFO node id 1 is inserting dummy payload TXs 
2021-12-29 11:08:54,270 fc_node.py [line:73] run INFO node 1's starts to run consensus on process id 185616 
2021-12-29 11:08:54,317 fc_node.py [line:63] prepare_bootstrap INFO node id 1 is inserting dummy payload TXs 
2021-12-29 11:20:03,126 fc_node.py [line:73] run INFO node 1's starts to run consensus on process id 186217 
2021-12-29 11:20:03,198 fc_node.py [line:63] prepare_bootstrap INFO node id 1 is inserting dummy payload TXs 
2021-12-29 11:26:04,782 fc_node.py [line:73] run INFO node 1's starts to run consensus on process id 186539 
2021-12-29 11:26:04,848 fc_node.py [line:63] prepare_bootstrap INFO node id 1 is inserting dummy payload TXs 
2021-12-29 11:27:42,946 fc_node.py [line:73] run INFO node 1's starts to run consensus on process id 186657 
2021-12-29 11:27:43,015 fc_node.py [line:63] prepare_bootstrap INFO node id 1 is inserting dummy payload TXs 
2021-12-29 11:30:36,234 fc_node.py [line:73] run INFO node 1's starts to run consensus on process id 186765 
2021-12-29 11:30:36,300 fc_node.py [line:63] prepare_bootstrap INFO node id 1 is inserting dummy payload TXs 
2021-12-29 11:33:21,351 fc_node.py [line:73] run INFO node 1's starts to run consensus on process id 186912 
2021-12-29 11:33:21,409 fc_node.py [line:63] prepare_bootstrap INFO node id 1 is inserting dummy payload TXs 
2021-12-29 11:35:39,062 fc_node.py [line:73] run INFO node 1's starts to run consensus on process id 187095 
2021-12-29 11:35:39,126 fc_node.py [line:63] prepare_bootstrap INFO node id 1 is inserting dummy payload TXs 
2021-12-29 11:38:44,718 fc_node.py [line:73] run INFO node 1's starts to run consensus on process id 187311 
2021-12-29 11:38:44,821 fc_node.py [line:63] prepare_bootstrap INFO node id 1 is inserting dummy payload TXs 
2021-12-29 11:41:34,253 fc_node.py [line:73] run INFO node 1's starts to run consensus on process id 187516 
2021-12-29 11:41:34,316 fc_node.py [line:63] prepare_bootstrap INFO node id 1 is inserting dummy payload TXs 
2021-12-29 11:43:05,389 fc_node.py [line:73] run INFO node 1's starts to run consensus on process id 187678 
2021-12-29 11:43:05,522 fc_node.py [line:63] prepare_bootstrap INFO node id 1 is inserting dummy payload TXs 
2021-12-29 11:47:07,266 fc_node.py [line:73] run INFO node 1's starts to run consensus on process id 187848 
2021-12-29 11:47:07,378 fc_node.py [line:63] prepare_bootstrap INFO node id 1 is inserting dummy payload TXs 
2021-12-29 12:31:56,606 fc_node.py [line:73] run INFO node 1's starts to run consensus on process id 188732 
2021-12-29 12:31:56,675 fc_node.py [line:63] prepare_bootstrap INFO node id 1 is inserting dummy payload TXs 
2021-12-29 12:33:45,941 fc_node.py [line:73] run INFO node 1's starts to run consensus on process id 188903 
2021-12-29 12:33:46,036 fc_node.py [line:63] prepare_bootstrap INFO node id 1 is inserting dummy payload TXs 
2021-12-29 12:37:19,765 fc_node.py [line:73] run INFO node 1's starts to run consensus on process id 189157 
2021-12-29 12:37:19,875 fc_node.py [line:63] prepare_bootstrap INFO node id 1 is inserting dummy payload TXs 
2021-12-29 12:45:38,776 fc_node.py [line:73] run INFO node 1's starts to run consensus on process id 189806 
2021-12-29 12:45:38,826 fc_node.py [line:63] prepare_bootstrap INFO node id 1 is inserting dummy payload TXs 
2021-12-29 13:16:54,053 fc_node.py [line:73] run INFO node 1's starts to run consensus on process id 190518 
2021-12-29 13:16:54,105 fc_node.py [line:63] prepare_bootstrap INFO node id 1 is inserting dummy payload TXs 
2021-12-29 13:36:46,862 fc_node.py [line:73] run INFO node 1's starts to run consensus on process id 191728 
2021-12-29 13:36:46,924 fc_node.py [line:63] prepare_bootstrap INFO node id 1 is inserting dummy payload TXs 
2021-12-29 13:41:42,816 fc_node.py [line:73] run INFO node 1's starts to run consensus on process id 192034 
2021-12-29 13:41:42,885 fc_node.py [line:63] prepare_bootstrap INFO node id 1 is inserting dummy payload TXs 
2021-12-29 13:53:39,023 fc_node.py [line:73] run INFO node 1's starts to run consensus on process id 192385 
2021-12-29 13:53:39,075 fc_node.py [line:63] prepare_bootstrap INFO node id 1 is inserting dummy payload TXs 
2021-12-29 16:00:28,985 fc_node.py [line:73] run INFO node 1's starts to run consensus on process id 194402 
2021-12-29 16:00:29,033 fc_node.py [line:63] prepare_bootstrap INFO node id 1 is inserting dummy payload TXs 
2021-12-29 16:10:35,994 fc_node.py [line:73] run INFO node 1's starts to run consensus on process id 194760 
2021-12-29 16:10:36,077 fc_node.py [line:63] prepare_bootstrap INFO node id 1 is inserting dummy payload TXs 
2021-12-29 16:15:03,872 fc_node.py [line:73] run INFO node 1's starts to run consensus on process id 194954 
2021-12-29 16:15:03,940 fc_node.py [line:63] prepare_bootstrap INFO node id 1 is inserting dummy payload TXs 
2021-12-29 16:47:36,014 fc_node.py [line:73] run INFO node 1's starts to run consensus on process id 196825 
2021-12-29 16:47:36,060 fc_node.py [line:63] prepare_bootstrap INFO node id 1 is inserting dummy payload TXs 
2021-12-29 16:58:20,377 fc_node.py [line:73] run INFO node 1's starts to run consensus on process id 197159 
2021-12-29 16:58:20,460 fc_node.py [line:63] prepare_bootstrap INFO node id 1 is inserting dummy payload TXs 
2021-12-29 17:05:43,997 fc_node.py [line:73] run INFO node 1's starts to run consensus on process id 197516 
2021-12-29 17:05:44,067 fc_node.py [line:63] prepare_bootstrap INFO node id 1 is inserting dummy payload TXs 
2021-12-29 17:15:41,634 fc_node.py [line:73] run INFO node 1's starts to run consensus on process id 197874 
2021-12-29 17:15:41,721 fc_node.py [line:63] prepare_bootstrap INFO node id 1 is inserting dummy payload TXs 
2021-12-29 17:25:37,278 fc_node.py [line:73] run INFO node 1's starts to run consensus on process id 198207 
2021-12-29 17:25:37,346 fc_node.py [line:63] prepare_bootstrap INFO node id 1 is inserting dummy payload TXs 
2021-12-29 17:32:46,246 fc_node.py [line:73] run INFO node 1's starts to run consensus on process id 198521 
2021-12-29 17:32:46,292 fc_node.py [line:63] prepare_bootstrap INFO node id 1 is inserting dummy payload TXs 
2021-12-29 18:50:45,490 fc_node.py [line:73] run INFO node 1's starts to run consensus on process id 200008 
2021-12-29 18:50:45,571 fc_node.py [line:63] prepare_bootstrap INFO node id 1 is inserting dummy payload TXs 
2021-12-29 18:54:50,976 fc_node.py [line:73] run INFO node 1's starts to run consensus on process id 200241 
2021-12-29 18:54:51,040 fc_node.py [line:63] prepare_bootstrap INFO node id 1 is inserting dummy payload TXs 
2021-12-29 18:59:26,926 fc_node.py [line:73] run INFO node 1's starts to run consensus on process id 200435 
2021-12-29 18:59:26,995 fc_node.py [line:63] prepare_bootstrap INFO node id 1 is inserting dummy payload TXs 
2021-12-29 19:08:35,190 fc_node.py [line:73] run INFO node 1's starts to run consensus on process id 201125 
2021-12-29 19:08:35,260 fc_node.py [line:63] prepare_bootstrap INFO node id 1 is inserting dummy payload TXs 
2021-12-29 19:24:57,029 fc_node.py [line:73] run INFO node 1's starts to run consensus on process id 201550 
2021-12-29 19:24:57,081 fc_node.py [line:63] prepare_bootstrap INFO node id 1 is inserting dummy payload TXs 
2021-12-29 22:01:02,639 fc_node.py [line:73] run INFO node 1's starts to run consensus on process id 209696 
2021-12-29 22:01:02,748 fc_node.py [line:63] prepare_bootstrap INFO node id 1 is inserting dummy payload TXs 
2022-02-16 20:21:10,356 fc_node.py [line:78] run INFO node 1's starts to run consensus on process id 47998 
2022-02-16 20:21:10,455 fc_node.py [line:68] prepare_bootstrap INFO node id 1 is inserting dummy payload TXs 
2022-02-16 20:23:01,486 fc_node.py [line:78] run INFO node 1's starts to run consensus on process id 48147 
2022-02-16 20:23:01,550 fc_node.py [line:68] prepare_bootstrap INFO node id 1 is inserting dummy payload TXs 
2022-02-16 20:24:18,388 fc_node.py [line:78] run INFO node 1's starts to run consensus on process id 48296 
2022-02-16 20:24:18,519 fc_node.py [line:68] prepare_bootstrap INFO node id 1 is inserting dummy payload TXs 
2022-02-16 20:28:03,881 fc_node.py [line:78] run INFO node 1's starts to run consensus on process id 48508 
2022-02-16 20:28:03,929 fc_node.py [line:68] prepare_bootstrap INFO node id 1 is inserting dummy payload TXs 
2022-02-16 20:28:03,929 fastconfirm.py [line:442] run_fast INFO 1 start consensus round: 1 
2022-02-16 20:28:04,834 fastconfirm.py [line:442] run_fast INFO 1 start consensus round: 2 
2022-02-16 20:28:05,740 fastconfirm.py [line:442] run_fast INFO 1 start consensus round: 3 
2022-02-16 20:31:01,528 fc_node.py [line:78] run INFO node 1's starts to run consensus on process id 48654 
2022-02-16 20:31:01,591 fc_node.py [line:68] prepare_bootstrap INFO node id 1 is inserting dummy payload TXs 
2022-02-16 20:31:01,591 fastconfirm.py [line:444] run_fast INFO 1 start consensus round: 1 
2022-02-16 20:31:02,497 fastconfirm.py [line:444] run_fast INFO 1 start consensus round: 2 
2022-02-16 20:31:03,300 fastconfirm.py [line:376] fastconfirm_round INFO output1 in round 2: (b'O?\xc3H\xa8\x18\x94\x1aFNA_\xffk\x9dAl\x1d\xdc;\x1cdt8a\xd3(\xfb\xc3E\xbc\xd6', ['<Dummy TX: 5IJNGVD2K4NWCX7VMYSG9LPBXFOBMOERTQ0T3FA5FHGBGVPJAGBNENSDXJ4EUL21DFNFV3B516SVE7MPPQPO7K7N4ZZQ5PNIW7MUPAMLASQB9BOL3FUGVQ6XBAMVYESBE1MINV0L36VGM2E7HBOQHUHF85VPPO4VLOIBK6K5B9KVHFJQQBD37NEEYOMD4K6WTCTNVGZ80HFO5YBU93OTAV3RDQTO8YPS4M0TP4JL2KQR4HXG>', '<Dummy TX: KZJUZUL6VOXQ0K8GVHYWDFL4HAX4MCNCR1OD6KFVQN3E352K5WIMJ17IDS0XTLBOTFUQ7JA03UL2TY9BEME8SKA0H5CMSH16VL9QVIJCDG9BPUY2U7V6HFBAOESGIJH6Y2C2DLF0GGCGOFNCC3CWVY2PIG0SA0Q5S1Z3V5AXGEYPQJG47LAAIHRF5VQU4UXAXBDI5FNPWERMSPP8R0E3LIXFW3G4WPLA12QHXBJPAEM46WF9>', '<Dummy TX: J6C5C9V6LG2FFECPSVK6UFGS3JUN4RTMNTKNH8ECJE70MEYP7C1PURR0YX8M5G14MW4BHAWFU0B0I4E26UXWWG6I01XWKS1SD4CO94IGSP1PYLT19NBH3VZ0NOSQBZ6Q7A5R97N9K1LDI570RYRRKZ9C49SLM8CK1Z9S0EN8NZTVCCXIGUFD26JLBESAEZSNTB22EYOEUFI34A31GLGS5QDFZOHEUBG7UZLWQYYNQNXUGSTX>']) 
2022-02-16 20:31:03,401 fastconfirm.py [line:444] run_fast INFO 1 start consensus round: 3 
2022-02-16 20:31:04,204 fastconfirm.py [line:376] fastconfirm_round INFO output1 in round 3: (b'O?\xc3H\xa8\x18\x94\x1aFNA_\xffk\x9dAl\x1d\xdc;\x1cdt8a\xd3(\xfb\xc3E\xbc\xd6', ['<Dummy TX: TYLINS3AYDVQKWQ87I3SLT0NXLUJ70VWWT9FATHL0ZQD4P9V7FOD2BWZ1B4LLVLH2AJUYEI1D6G0NIHUC8G5U9BKLKF1W3YQSG2RCA9ELWOSDL8UMGDMPPMZVDG7PP8V0FIRYAX9JLM5P71E5JESBZ7529P2FUU4KG3N9NVK4AN3BIG1CWVIEBNXLR2J2QT5THP3D7W925RPSVTW9BK1X8GZVHHXEWBE13BYW7UWB99S8TSO>', '<Dummy TX: 70CZ0DCM1MFKCM5TNPC12T86W4OF6DOBUEIX4G4NS10I7PEZYNLFH1JZKV8Q1T6Q4J63CH8OT2LBF911O0DKNW6DF45GQBED5IDD1DXVFRVOWVSH47QFBKXOOS07YZS6W6Z6MOYEIGU3XXA2A5IGC8TM6S2DW2N3MOR1R75MJ6IGXQ269JVTZUCALJ0ZD20LW9EEDHG1R9QBMNWSYKYC5TA102ZPHBFX0LGHPFR5QPH2OZHW>', '<Dummy TX: Q76IUCLE729OYA8J7VEXMU1G1Z8RFOUGFRQ425ZB20O1UQHCIV2WWEKDPYXNFEXM2IH4ZQT3S35LLQ3H2YV2SWRPGWNXUSKPFESH2K1BEL63QXQ2CC6HDMYWEU7Q0XOWB6QDUS5I92722OUSZG1CUCDMTC3BSNZU8JTMPINYGPLJD3Q7O79GMFK4GA32Y4CSH7J27A1USV712GYRHLGL3UCEGDO6DL85IAFQ6012X946NKVK>']) 
2022-02-28 09:23:08,622 fc_node.py [line:81] run INFO node 1's starts to run consensus on process id 50668 
2022-02-28 09:23:08,673 fc_node.py [line:71] prepare_bootstrap INFO node id 1 is inserting dummy payload TXs 
2022-02-28 09:23:08,673 fastconfirm.py [line:452] run_fast INFO 1 start consensus round: 1 
2022-02-28 09:23:12,686 fastconfirm.py [line:375] fastconfirm_round INFO output round1 directly 1 
2022-02-28 09:23:12,786 fastconfirm.py [line:452] run_fast INFO 1 start consensus round: 2 
2022-02-28 09:23:16,791 fastconfirm.py [line:383] fastconfirm_round INFO output1 in round 2: (b'O?\xc3H\xa8\x18\x94\x1aFNA_\xffk\x9dAl\x1d\xdc;\x1cdt8a\xd3(\xfb\xc3E\xbc\xd6', ['<Dummy TX: LYBIABXAIXDWECQVSR5QHG11QH553RRY24TOVADIMDFY7OLUP9FJ657UYKXO7CSH0Z3LNGQ6J4BGW3QSQ4JB171JVJVDDTAMXN9CC5QMP0LP7UIZ2S1CUJ4TJIW1RN1V013Y46PXMORZJM6TTY73DX89G4R40STWJWLDQWB9Z2I99HBB30322N2B37DIFC0KZAJP4GLEBLRGIOFUML050WKA26NY8IQN4JREWKUQFVYGR2HX>', '<Dummy TX: GIR97HJIFWZTZCV8GDLKLRATRJQ222CCHU1VFVZNX152S245INMS18DPY2ED8LOOHO76CWWNB1CA4BXR82EZXN2L7HVC66P2ND2PDOBJ4BETRV5WG2J4GGFGSFF940QWJFCKIZ81M6NJTUTFBA4N33BNC63TI5OCL2ITC8TUB21LTHQHGBQ0SB1SUDHQFV2D3W6GXYR57AVG4M9BNNN5MEMPYMQTF3N742WP2AW45QQOAIAA>', '<Dummy TX: 96ACF36VWA9WT3IFSSDF75MR9KCAOLKNPKFFZN1FCVJAHX2CNJT0MV0UWPSJ6L13L2E063P9JG6DSON83TQ05JFYDR6O7A50MM00DKTVB6OLT7EDZ9D2JL9G1Z4889OYYB2YL3LLZARQEZIA771NRMG0TQOKASX96DV1B0W40N822CW1K7LRTI2EHAPT8VKSZ83ZVJYK4V0D2NIV76CY7K2MZ5ZJUHJVKS4491KZA4Z4TY5E>']) 
2022-02-28 09:23:16,891 fastconfirm.py [line:452] run_fast INFO 1 start consensus round: 3 
2022-02-28 09:23:20,898 fastconfirm.py [line:383] fastconfirm_round INFO output1 in round 3: (b'O?\xc3H\xa8\x18\x94\x1aFNA_\xffk\x9dAl\x1d\xdc;\x1cdt8a\xd3(\xfb\xc3E\xbc\xd6', ['<Dummy TX: EELF0P6LMC2WMR7E48VZJ3JGFIWOMH1N8KKCSN7NHZUCH6SHOFWGVAGIZNTTAFCRWND6H19YX4FK63U1OZ9YRJTZKEUGZIAQ8HQF6YE8WQNJDW2Z9EAQUYSDJYX65XN77J8NRYWDYH8ZRQMN1W9GWIFR7FRYFFLBYH2AYWXBPHBDOOGPM9GDY77DAGTQOR6SYK2NSE32LJ0CKW0M4JSRMAYRJH3SJ7M79TGVDNEP6K0C7BVA>', '<Dummy TX: EE26SUVXNL0DVEGIUJV85QT7SPUGH7C3X4KYPXTU1ZKE9ZPWAH3K0018WBIGOY55MGHB0KM2T4U9BXZM891OEU8BO9I97UH9NFAEUC7KR9LY67UMIRLG0KG7L8U1D2Y8URTPEX9MU8TNAGBG0LK9D0RHU231063MKIXMMLI8OTIWMYWPPDTVA013OP5C95E4XW5OQ1OPCLQ5UHRLAZMGDIZ5VQCMD6NHGGC98L3HJQ9FO56G>', '<Dummy TX: O1PE3GCYAIDODIIEVJHUEM6RYFE7UVJBAX9R2S1G299WPGR3ICWXHR2X54G7PKUO23SOOCYO1OEGP9KV71HYDCJS1NNCG7ECTUH4HPX8IK23CWNDMDSIO42U7QD0TZ3OVUDKNC2SR5DNN21RZUI98IH3Q7EJL3QAL28H999U5U0Z5WYYWPFO16TFPKHM37XH0CCLW1Z7AYJ67JKH7TGNZR22Y48YGM7MDOI08L5DX46N99KE>']) 
