2021-12-27 20:13:44,206 fc_node.py [line:59] run INFO node 0's starts to run consensus on process id 138825 
2021-12-27 20:13:44,206 fc_node.py [line:50] prepare_bootstrap INFO node id 0 is inserting dummy payload TXs 
2021-12-27 20:30:33,702 fc_node.py [line:60] run INFO node 0's starts to run consensus on process id 139247 
2021-12-27 20:30:33,702 fc_node.py [line:50] prepare_bootstrap INFO node id 0 is inserting dummy payload TXs 
2021-12-27 20:34:41,244 fc_node.py [line:61] run INFO node 0's starts to run consensus on process id 139442 
2021-12-27 20:34:41,244 fc_node.py [line:51] prepare_bootstrap INFO node id 0 is inserting dummy payload TXs 
2021-12-27 20:36:43,014 fc_node.py [line:61] run INFO node 0's starts to run consensus on process id 139566 
2021-12-27 20:36:43,014 fc_node.py [line:51] prepare_bootstrap INFO node id 0 is inserting dummy payload TXs 
2021-12-27 20:49:22,711 fc_node.py [line:61] run INFO node 0's starts to run consensus on process id 139853 
2021-12-27 20:49:22,711 fc_node.py [line:51] prepare_bootstrap INFO node id 0 is inserting dummy payload TXs 
2021-12-27 20:52:43,541 fc_node.py [line:61] run INFO node 0's starts to run consensus on process id 140009 
2021-12-27 20:52:43,541 fc_node.py [line:51] prepare_bootstrap INFO node id 0 is inserting dummy payload TXs 
2021-12-28 10:05:57,304 fc_node.py [line:71] run INFO node 0's starts to run consensus on process id 153274 
2021-12-28 10:05:57,305 fc_node.py [line:61] prepare_bootstrap INFO node id 0 is inserting dummy payload TXs 
2021-12-28 10:08:11,919 fc_node.py [line:71] run INFO node 0's starts to run consensus on process id 153380 
2021-12-28 10:08:11,919 fc_node.py [line:61] prepare_bootstrap INFO node id 0 is inserting dummy payload TXs 
2021-12-28 13:19:58,836 fc_node.py [line:72] run INFO node 0's starts to run consensus on process id 160099 
2021-12-28 13:19:58,837 fc_node.py [line:62] prepare_bootstrap INFO node id 0 is inserting dummy payload TXs 
2021-12-28 13:21:34,415 fc_node.py [line:72] run INFO node 0's starts to run consensus on process id 160258 
2021-12-28 13:21:34,415 fc_node.py [line:62] prepare_bootstrap INFO node id 0 is inserting dummy payload TXs 
2021-12-28 13:31:43,775 fc_node.py [line:72] run INFO node 0's starts to run consensus on process id 160679 
2021-12-28 13:31:43,776 fc_node.py [line:62] prepare_bootstrap INFO node id 0 is inserting dummy payload TXs 
2021-12-28 13:40:29,058 fc_node.py [line:72] run INFO node 0's starts to run consensus on process id 160985 
2021-12-28 13:40:29,059 fc_node.py [line:62] prepare_bootstrap INFO node id 0 is inserting dummy payload TXs 
2021-12-28 13:41:54,818 fc_node.py [line:72] run INFO node 0's starts to run consensus on process id 161102 
2021-12-28 13:41:54,819 fc_node.py [line:62] prepare_bootstrap INFO node id 0 is inserting dummy payload TXs 
2021-12-28 13:43:04,914 fc_node.py [line:72] run INFO node 0's starts to run consensus on process id 161192 
2021-12-28 13:43:04,914 fc_node.py [line:62] prepare_bootstrap INFO node id 0 is inserting dummy payload TXs 
2021-12-28 13:48:12,583 fc_node.py [line:72] run INFO node 0's starts to run consensus on process id 161592 
2021-12-28 13:48:12,584 fc_node.py [line:62] prepare_bootstrap INFO node id 0 is inserting dummy payload TXs 
2021-12-28 15:17:01,061 fc_node.py [line:72] run INFO node 0's starts to run consensus on process id 163102 
2021-12-28 15:17:01,062 fc_node.py [line:62] prepare_bootstrap INFO node id 0 is inserting dummy payload TXs 
2021-12-28 15:18:49,165 fc_node.py [line:72] run INFO node 0's starts to run consensus on process id 163218 
2021-12-28 15:18:49,166 fc_node.py [line:62] prepare_bootstrap INFO node id 0 is inserting dummy payload TXs 
2021-12-28 15:35:55,558 fc_node.py [line:73] run INFO node 0's starts to run consensus on process id 163683 
2021-12-28 15:35:55,614 fc_node.py [line:63] prepare_bootstrap INFO node id 0 is inserting dummy payload TXs 
2021-12-28 15:40:50,264 fc_node.py [line:73] run INFO node 0's starts to run consensus on process id 163886 
2021-12-28 15:40:50,381 fc_node.py [line:63] prepare_bootstrap INFO node id 0 is inserting dummy payload TXs 
2021-12-28 15:42:17,386 fc_node.py [line:73] run INFO node 0's starts to run consensus on process id 163979 
2021-12-28 15:42:17,442 fc_node.py [line:63] prepare_bootstrap INFO node id 0 is inserting dummy payload TXs 
2021-12-28 15:43:34,428 fc_node.py [line:73] run INFO node 0's starts to run consensus on process id 164076 
2021-12-28 15:43:34,475 fc_node.py [line:63] prepare_bootstrap INFO node id 0 is inserting dummy payload TXs 
2021-12-28 15:50:01,273 fc_node.py [line:73] run INFO node 0's starts to run consensus on process id 164314 
2021-12-28 15:50:01,335 fc_node.py [line:63] prepare_bootstrap INFO node id 0 is inserting dummy payload TXs 
2021-12-28 15:58:23,147 fc_node.py [line:73] run INFO node 0's starts to run consensus on process id 164609 
2021-12-28 15:58:23,280 fc_node.py [line:63] prepare_bootstrap INFO node id 0 is inserting dummy payload TXs 
2021-12-28 20:31:03,469 fc_node.py [line:73] run INFO node 0's starts to run consensus on process id 171079 
2021-12-28 20:31:03,605 fc_node.py [line:63] prepare_bootstrap INFO node id 0 is inserting dummy payload TXs 
2021-12-28 20:45:27,511 fc_node.py [line:73] run INFO node 0's starts to run consensus on process id 171988 
2021-12-28 20:45:27,565 fc_node.py [line:63] prepare_bootstrap INFO node id 0 is inserting dummy payload TXs 
2021-12-28 21:04:48,438 fc_node.py [line:73] run INFO node 0's starts to run consensus on process id 172905 
2021-12-28 21:04:48,506 fc_node.py [line:63] prepare_bootstrap INFO node id 0 is inserting dummy payload TXs 
2021-12-28 21:23:58,611 fc_node.py [line:73] run INFO node 0's starts to run consensus on process id 173646 
2021-12-28 21:23:58,679 fc_node.py [line:63] prepare_bootstrap INFO node id 0 is inserting dummy payload TXs 
2021-12-28 21:33:54,778 fc_node.py [line:73] run INFO node 0's starts to run consensus on process id 174445 
2021-12-28 21:33:54,825 fc_node.py [line:63] prepare_bootstrap INFO node id 0 is inserting dummy payload TXs 
2021-12-29 10:04:48,185 fc_node.py [line:73] run INFO node 0's starts to run consensus on process id 182246 
2021-12-29 10:04:48,310 fc_node.py [line:63] prepare_bootstrap INFO node id 0 is inserting dummy payload TXs 
2021-12-29 10:13:00,252 fc_node.py [line:73] run INFO node 0's starts to run consensus on process id 182713 
2021-12-29 10:13:00,302 fc_node.py [line:63] prepare_bootstrap INFO node id 0 is inserting dummy payload TXs 
2021-12-29 10:18:58,203 fc_node.py [line:73] run INFO node 0's starts to run consensus on process id 182984 
2021-12-29 10:18:58,357 fc_node.py [line:63] prepare_bootstrap INFO node id 0 is inserting dummy payload TXs 
2021-12-29 10:55:32,229 fc_node.py [line:73] run INFO node 0's starts to run consensus on process id 185063 
2021-12-29 10:55:32,294 fc_node.py [line:63] prepare_bootstrap INFO node id 0 is inserting dummy payload TXs 
2021-12-29 11:08:54,270 fc_node.py [line:73] run INFO node 0's starts to run consensus on process id 185615 
2021-12-29 11:08:54,316 fc_node.py [line:63] prepare_bootstrap INFO node id 0 is inserting dummy payload TXs 
2021-12-29 11:20:03,158 fc_node.py [line:73] run INFO node 0's starts to run consensus on process id 186216 
2021-12-29 11:20:03,230 fc_node.py [line:63] prepare_bootstrap INFO node id 0 is inserting dummy payload TXs 
2021-12-29 11:26:04,804 fc_node.py [line:73] run INFO node 0's starts to run consensus on process id 186538 
2021-12-29 11:26:04,883 fc_node.py [line:63] prepare_bootstrap INFO node id 0 is inserting dummy payload TXs 
2021-12-29 11:30:36,266 fc_node.py [line:73] run INFO node 0's starts to run consensus on process id 186764 
2021-12-29 11:30:36,313 fc_node.py [line:63] prepare_bootstrap INFO node id 0 is inserting dummy payload TXs 
2021-12-29 11:33:21,249 fc_node.py [line:73] run INFO node 0's starts to run consensus on process id 186911 
2021-12-29 11:33:21,342 fc_node.py [line:63] prepare_bootstrap INFO node id 0 is inserting dummy payload TXs 
2021-12-29 11:35:39,023 fc_node.py [line:73] run INFO node 0's starts to run consensus on process id 187094 
2021-12-29 11:35:39,089 fc_node.py [line:63] prepare_bootstrap INFO node id 0 is inserting dummy payload TXs 
2021-12-29 11:38:44,716 fc_node.py [line:73] run INFO node 0's starts to run consensus on process id 187310 
2021-12-29 11:38:44,821 fc_node.py [line:63] prepare_bootstrap INFO node id 0 is inserting dummy payload TXs 
2021-12-29 11:41:34,192 fc_node.py [line:73] run INFO node 0's starts to run consensus on process id 187515 
2021-12-29 11:41:34,240 fc_node.py [line:63] prepare_bootstrap INFO node id 0 is inserting dummy payload TXs 
2021-12-29 11:43:05,428 fc_node.py [line:73] run INFO node 0's starts to run consensus on process id 187677 
2021-12-29 11:43:05,558 fc_node.py [line:63] prepare_bootstrap INFO node id 0 is inserting dummy payload TXs 
2021-12-29 11:47:07,268 fc_node.py [line:73] run INFO node 0's starts to run consensus on process id 187847 
2021-12-29 11:47:07,373 fc_node.py [line:63] prepare_bootstrap INFO node id 0 is inserting dummy payload TXs 
2021-12-29 12:31:56,698 fc_node.py [line:73] run INFO node 0's starts to run consensus on process id 188731 
2021-12-29 12:31:56,747 fc_node.py [line:63] prepare_bootstrap INFO node id 0 is inserting dummy payload TXs 
2021-12-29 12:33:45,949 fc_node.py [line:73] run INFO node 0's starts to run consensus on process id 188902 
2021-12-29 12:33:46,012 fc_node.py [line:63] prepare_bootstrap INFO node id 0 is inserting dummy payload TXs 
2021-12-29 12:37:19,796 fc_node.py [line:73] run INFO node 0's starts to run consensus on process id 189156 
2021-12-29 12:37:19,892 fc_node.py [line:63] prepare_bootstrap INFO node id 0 is inserting dummy payload TXs 
2021-12-29 12:44:21,266 fc_node.py [line:73] run INFO node 0's starts to run consensus on process id 189661 
2021-12-29 12:44:21,351 fc_node.py [line:63] prepare_bootstrap INFO node id 0 is inserting dummy payload TXs 
2021-12-29 12:45:38,807 fc_node.py [line:73] run INFO node 0's starts to run consensus on process id 189805 
2021-12-29 12:45:38,859 fc_node.py [line:63] prepare_bootstrap INFO node id 0 is inserting dummy payload TXs 
2021-12-29 13:16:54,080 fc_node.py [line:73] run INFO node 0's starts to run consensus on process id 190517 
2021-12-29 13:16:54,133 fc_node.py [line:63] prepare_bootstrap INFO node id 0 is inserting dummy payload TXs 
2021-12-29 13:36:46,846 fc_node.py [line:73] run INFO node 0's starts to run consensus on process id 191727 
2021-12-29 13:36:46,915 fc_node.py [line:63] prepare_bootstrap INFO node id 0 is inserting dummy payload TXs 
2021-12-29 13:41:42,822 fc_node.py [line:73] run INFO node 0's starts to run consensus on process id 192033 
2021-12-29 13:41:42,870 fc_node.py [line:63] prepare_bootstrap INFO node id 0 is inserting dummy payload TXs 
2021-12-29 13:53:39,104 fc_node.py [line:73] run INFO node 0's starts to run consensus on process id 192384 
2021-12-29 13:53:39,151 fc_node.py [line:63] prepare_bootstrap INFO node id 0 is inserting dummy payload TXs 
2021-12-29 16:00:28,904 fc_node.py [line:73] run INFO node 0's starts to run consensus on process id 194401 
2021-12-29 16:00:28,971 fc_node.py [line:63] prepare_bootstrap INFO node id 0 is inserting dummy payload TXs 
2021-12-29 16:10:35,966 fc_node.py [line:73] run INFO node 0's starts to run consensus on process id 194759 
2021-12-29 16:10:36,026 fc_node.py [line:63] prepare_bootstrap INFO node id 0 is inserting dummy payload TXs 
2021-12-29 16:15:03,882 fc_node.py [line:73] run INFO node 0's starts to run consensus on process id 194953 
2021-12-29 16:15:03,949 fc_node.py [line:63] prepare_bootstrap INFO node id 0 is inserting dummy payload TXs 
2021-12-29 16:47:36,052 fc_node.py [line:73] run INFO node 0's starts to run consensus on process id 196824 
2021-12-29 16:47:36,099 fc_node.py [line:63] prepare_bootstrap INFO node id 0 is inserting dummy payload TXs 
2021-12-29 16:58:20,413 fc_node.py [line:73] run INFO node 0's starts to run consensus on process id 197158 
2021-12-29 16:58:20,493 fc_node.py [line:63] prepare_bootstrap INFO node id 0 is inserting dummy payload TXs 
2021-12-29 17:05:44,062 fc_node.py [line:73] run INFO node 0's starts to run consensus on process id 197515 
2021-12-29 17:05:44,109 fc_node.py [line:63] prepare_bootstrap INFO node id 0 is inserting dummy payload TXs 
2021-12-29 17:15:41,606 fc_node.py [line:73] run INFO node 0's starts to run consensus on process id 197873 
2021-12-29 17:15:41,711 fc_node.py [line:63] prepare_bootstrap INFO node id 0 is inserting dummy payload TXs 
2021-12-29 17:25:37,321 fc_node.py [line:73] run INFO node 0's starts to run consensus on process id 198206 
2021-12-29 17:25:37,369 fc_node.py [line:63] prepare_bootstrap INFO node id 0 is inserting dummy payload TXs 
2021-12-29 17:32:46,172 fc_node.py [line:73] run INFO node 0's starts to run consensus on process id 198520 
2021-12-29 17:32:46,228 fc_node.py [line:63] prepare_bootstrap INFO node id 0 is inserting dummy payload TXs 
2021-12-29 18:50:45,490 fc_node.py [line:73] run INFO node 0's starts to run consensus on process id 200007 
2021-12-29 18:50:45,572 fc_node.py [line:63] prepare_bootstrap INFO node id 0 is inserting dummy payload TXs 
2021-12-29 18:54:50,963 fc_node.py [line:73] run INFO node 0's starts to run consensus on process id 200240 
2021-12-29 18:54:51,036 fc_node.py [line:63] prepare_bootstrap INFO node id 0 is inserting dummy payload TXs 
2021-12-29 18:59:26,982 fc_node.py [line:73] run INFO node 0's starts to run consensus on process id 200434 
2021-12-29 18:59:27,028 fc_node.py [line:63] prepare_bootstrap INFO node id 0 is inserting dummy payload TXs 
2021-12-29 19:08:35,325 fc_node.py [line:73] run INFO node 0's starts to run consensus on process id 201124 
2021-12-29 19:08:35,369 fc_node.py [line:63] prepare_bootstrap INFO node id 0 is inserting dummy payload TXs 
2021-12-29 19:24:57,013 fc_node.py [line:73] run INFO node 0's starts to run consensus on process id 201549 
2021-12-29 19:24:57,061 fc_node.py [line:63] prepare_bootstrap INFO node id 0 is inserting dummy payload TXs 
2021-12-29 22:01:02,809 fc_node.py [line:73] run INFO node 0's starts to run consensus on process id 209695 
2021-12-29 22:01:02,858 fc_node.py [line:63] prepare_bootstrap INFO node id 0 is inserting dummy payload TXs 
2022-02-16 20:21:10,353 fc_node.py [line:78] run INFO node 0's starts to run consensus on process id 47997 
2022-02-16 20:21:10,443 fc_node.py [line:68] prepare_bootstrap INFO node id 0 is inserting dummy payload TXs 
2022-02-16 20:23:01,500 fc_node.py [line:78] run INFO node 0's starts to run consensus on process id 48146 
2022-02-16 20:23:01,557 fc_node.py [line:68] prepare_bootstrap INFO node id 0 is inserting dummy payload TXs 
2022-02-16 20:24:18,379 fc_node.py [line:78] run INFO node 0's starts to run consensus on process id 48295 
2022-02-16 20:24:18,489 fc_node.py [line:68] prepare_bootstrap INFO node id 0 is inserting dummy payload TXs 
2022-02-16 20:28:03,874 fc_node.py [line:78] run INFO node 0's starts to run consensus on process id 48507 
2022-02-16 20:28:03,919 fc_node.py [line:68] prepare_bootstrap INFO node id 0 is inserting dummy payload TXs 
2022-02-16 20:28:03,919 fastconfirm.py [line:442] run_fast INFO 0 start consensus round: 1 
2022-02-16 20:28:04,823 fastconfirm.py [line:442] run_fast INFO 0 start consensus round: 2 
2022-02-16 20:28:05,728 fastconfirm.py [line:442] run_fast INFO 0 start consensus round: 3 
2022-02-16 20:31:01,537 fc_node.py [line:78] run INFO node 0's starts to run consensus on process id 48653 
2022-02-16 20:31:01,593 fc_node.py [line:68] prepare_bootstrap INFO node id 0 is inserting dummy payload TXs 
2022-02-16 20:31:01,593 fastconfirm.py [line:444] run_fast INFO 0 start consensus round: 1 
2022-02-16 20:31:02,499 fastconfirm.py [line:444] run_fast INFO 0 start consensus round: 2 
2022-02-16 20:31:03,303 fastconfirm.py [line:376] fastconfirm_round INFO output1 in round 2: (b'O?\xc3H\xa8\x18\x94\x1aFNA_\xffk\x9dAl\x1d\xdc;\x1cdt8a\xd3(\xfb\xc3E\xbc\xd6', ['<Dummy TX: 5IJNGVD2K4NWCX7VMYSG9LPBXFOBMOERTQ0T3FA5FHGBGVPJAGBNENSDXJ4EUL21DFNFV3B516SVE7MPPQPO7K7N4ZZQ5PNIW7MUPAMLASQB9BOL3FUGVQ6XBAMVYESBE1MINV0L36VGM2E7HBOQHUHF85VPPO4VLOIBK6K5B9KVHFJQQBD37NEEYOMD4K6WTCTNVGZ80HFO5YBU93OTAV3RDQTO8YPS4M0TP4JL2KQR4HXG>', '<Dummy TX: KZJUZUL6VOXQ0K8GVHYWDFL4HAX4MCNCR1OD6KFVQN3E352K5WIMJ17IDS0XTLBOTFUQ7JA03UL2TY9BEME8SKA0H5CMSH16VL9QVIJCDG9BPUY2U7V6HFBAOESGIJH6Y2C2DLF0GGCGOFNCC3CWVY2PIG0SA0Q5S1Z3V5AXGEYPQJG47LAAIHRF5VQU4UXAXBDI5FNPWERMSPP8R0E3LIXFW3G4WPLA12QHXBJPAEM46WF9>', '<Dummy TX: J6C5C9V6LG2FFECPSVK6UFGS3JUN4RTMNTKNH8ECJE70MEYP7C1PURR0YX8M5G14MW4BHAWFU0B0I4E26UXWWG6I01XWKS1SD4CO94IGSP1PYLT19NBH3VZ0NOSQBZ6Q7A5R97N9K1LDI570RYRRKZ9C49SLM8CK1Z9S0EN8NZTVCCXIGUFD26JLBESAEZSNTB22EYOEUFI34A31GLGS5QDFZOHEUBG7UZLWQYYNQNXUGSTX>']) 
2022-02-16 20:31:03,403 fastconfirm.py [line:444] run_fast INFO 0 start consensus round: 3 
2022-02-16 20:31:04,207 fastconfirm.py [line:376] fastconfirm_round INFO output1 in round 3: (b'O?\xc3H\xa8\x18\x94\x1aFNA_\xffk\x9dAl\x1d\xdc;\x1cdt8a\xd3(\xfb\xc3E\xbc\xd6', ['<Dummy TX: TYLINS3AYDVQKWQ87I3SLT0NXLUJ70VWWT9FATHL0ZQD4P9V7FOD2BWZ1B4LLVLH2AJUYEI1D6G0NIHUC8G5U9BKLKF1W3YQSG2RCA9ELWOSDL8UMGDMPPMZVDG7PP8V0FIRYAX9JLM5P71E5JESBZ7529P2FUU4KG3N9NVK4AN3BIG1CWVIEBNXLR2J2QT5THP3D7W925RPSVTW9BK1X8GZVHHXEWBE13BYW7UWB99S8TSO>', '<Dummy TX: 70CZ0DCM1MFKCM5TNPC12T86W4OF6DOBUEIX4G4NS10I7PEZYNLFH1JZKV8Q1T6Q4J63CH8OT2LBF911O0DKNW6DF45GQBED5IDD1DXVFRVOWVSH47QFBKXOOS07YZS6W6Z6MOYEIGU3XXA2A5IGC8TM6S2DW2N3MOR1R75MJ6IGXQ269JVTZUCALJ0ZD20LW9EEDHG1R9QBMNWSYKYC5TA102ZPHBFX0LGHPFR5QPH2OZHW>', '<Dummy TX: Q76IUCLE729OYA8J7VEXMU1G1Z8RFOUGFRQ425ZB20O1UQHCIV2WWEKDPYXNFEXM2IH4ZQT3S35LLQ3H2YV2SWRPGWNXUSKPFESH2K1BEL63QXQ2CC6HDMYWEU7Q0XOWB6QDUS5I92722OUSZG1CUCDMTC3BSNZU8JTMPINYGPLJD3Q7O79GMFK4GA32Y4CSH7J27A1USV712GYRHLGL3UCEGDO6DL85IAFQ6012X946NKVK>']) 
2022-02-28 09:23:08,615 fc_node.py [line:81] run INFO node 0's starts to run consensus on process id 50667 
2022-02-28 09:23:08,661 fc_node.py [line:71] prepare_bootstrap INFO node id 0 is inserting dummy payload TXs 
2022-02-28 09:23:08,661 fastconfirm.py [line:452] run_fast INFO 0 start consensus round: 1 
2022-02-28 09:23:12,665 fastconfirm.py [line:375] fastconfirm_round INFO output round1 directly 1 
2022-02-28 09:23:12,766 fastconfirm.py [line:452] run_fast INFO 0 start consensus round: 2 
2022-02-28 09:23:16,769 fastconfirm.py [line:383] fastconfirm_round INFO output1 in round 2: (b'O?\xc3H\xa8\x18\x94\x1aFNA_\xffk\x9dAl\x1d\xdc;\x1cdt8a\xd3(\xfb\xc3E\xbc\xd6', ['<Dummy TX: LYBIABXAIXDWECQVSR5QHG11QH553RRY24TOVADIMDFY7OLUP9FJ657UYKXO7CSH0Z3LNGQ6J4BGW3QSQ4JB171JVJVDDTAMXN9CC5QMP0LP7UIZ2S1CUJ4TJIW1RN1V013Y46PXMORZJM6TTY73DX89G4R40STWJWLDQWB9Z2I99HBB30322N2B37DIFC0KZAJP4GLEBLRGIOFUML050WKA26NY8IQN4JREWKUQFVYGR2HX>', '<Dummy TX: GIR97HJIFWZTZCV8GDLKLRATRJQ222CCHU1VFVZNX152S245INMS18DPY2ED8LOOHO76CWWNB1CA4BXR82EZXN2L7HVC66P2ND2PDOBJ4BETRV5WG2J4GGFGSFF940QWJFCKIZ81M6NJTUTFBA4N33BNC63TI5OCL2ITC8TUB21LTHQHGBQ0SB1SUDHQFV2D3W6GXYR57AVG4M9BNNN5MEMPYMQTF3N742WP2AW45QQOAIAA>', '<Dummy TX: 96ACF36VWA9WT3IFSSDF75MR9KCAOLKNPKFFZN1FCVJAHX2CNJT0MV0UWPSJ6L13L2E063P9JG6DSON83TQ05JFYDR6O7A50MM00DKTVB6OLT7EDZ9D2JL9G1Z4889OYYB2YL3LLZARQEZIA771NRMG0TQOKASX96DV1B0W40N822CW1K7LRTI2EHAPT8VKSZ83ZVJYK4V0D2NIV76CY7K2MZ5ZJUHJVKS4491KZA4Z4TY5E>']) 
2022-02-28 09:23:16,870 fastconfirm.py [line:452] run_fast INFO 0 start consensus round: 3 
2022-02-28 09:23:20,873 fastconfirm.py [line:383] fastconfirm_round INFO output1 in round 3: (b'O?\xc3H\xa8\x18\x94\x1aFNA_\xffk\x9dAl\x1d\xdc;\x1cdt8a\xd3(\xfb\xc3E\xbc\xd6', ['<Dummy TX: EELF0P6LMC2WMR7E48VZJ3JGFIWOMH1N8KKCSN7NHZUCH6SHOFWGVAGIZNTTAFCRWND6H19YX4FK63U1OZ9YRJTZKEUGZIAQ8HQF6YE8WQNJDW2Z9EAQUYSDJYX65XN77J8NRYWDYH8ZRQMN1W9GWIFR7FRYFFLBYH2AYWXBPHBDOOGPM9GDY77DAGTQOR6SYK2NSE32LJ0CKW0M4JSRMAYRJH3SJ7M79TGVDNEP6K0C7BVA>', '<Dummy TX: EE26SUVXNL0DVEGIUJV85QT7SPUGH7C3X4KYPXTU1ZKE9ZPWAH3K0018WBIGOY55MGHB0KM2T4U9BXZM891OEU8BO9I97UH9NFAEUC7KR9LY67UMIRLG0KG7L8U1D2Y8URTPEX9MU8TNAGBG0LK9D0RHU231063MKIXMMLI8OTIWMYWPPDTVA013OP5C95E4XW5OQ1OPCLQ5UHRLAZMGDIZ5VQCMD6NHGGC98L3HJQ9FO56G>', '<Dummy TX: O1PE3GCYAIDODIIEVJHUEM6RYFE7UVJBAX9R2S1G299WPGR3ICWXHR2X54G7PKUO23SOOCYO1OEGP9KV71HYDCJS1NNCG7ECTUH4HPX8IK23CWNDMDSIO42U7QD0TZ3OVUDKNC2SR5DNN21RZUI98IH3Q7EJL3QAL28H999U5U0Z5WYYWPFO16TFPKHM37XH0CCLW1Z7AYJ67JKH7TGNZR22Y48YGM7MDOI08L5DX46N99KE>']) 
