2021-12-27 20:13:44,206 fc_node.py [line:59] run INFO node 3's starts to run consensus on process id 138828 
2021-12-27 20:13:44,206 fc_node.py [line:50] prepare_bootstrap INFO node id 3 is inserting dummy payload TXs 
2021-12-27 20:30:33,728 fc_node.py [line:60] run INFO node 3's starts to run consensus on process id 139250 
2021-12-27 20:30:33,728 fc_node.py [line:50] prepare_bootstrap INFO node id 3 is inserting dummy payload TXs 
2021-12-27 20:34:41,226 fc_node.py [line:61] run INFO node 3's starts to run consensus on process id 139445 
2021-12-27 20:34:41,226 fc_node.py [line:51] prepare_bootstrap INFO node id 3 is inserting dummy payload TXs 
2021-12-27 20:36:42,979 fc_node.py [line:61] run INFO node 3's starts to run consensus on process id 139569 
2021-12-27 20:36:42,980 fc_node.py [line:51] prepare_bootstrap INFO node id 3 is inserting dummy payload TXs 
2021-12-27 20:49:22,785 fc_node.py [line:61] run INFO node 3's starts to run consensus on process id 139856 
2021-12-27 20:49:22,785 fc_node.py [line:51] prepare_bootstrap INFO node id 3 is inserting dummy payload TXs 
2021-12-27 20:52:43,542 fc_node.py [line:61] run INFO node 3's starts to run consensus on process id 140012 
2021-12-27 20:52:43,542 fc_node.py [line:51] prepare_bootstrap INFO node id 3 is inserting dummy payload TXs 
2021-12-28 10:05:57,219 fc_node.py [line:71] run INFO node 3's starts to run consensus on process id 153277 
2021-12-28 10:05:57,220 fc_node.py [line:61] prepare_bootstrap INFO node id 3 is inserting dummy payload TXs 
2021-12-28 10:08:11,979 fc_node.py [line:71] run INFO node 3's starts to run consensus on process id 153383 
2021-12-28 10:08:11,979 fc_node.py [line:61] prepare_bootstrap INFO node id 3 is inserting dummy payload TXs 
2021-12-28 13:19:58,803 fc_node.py [line:72] run INFO node 3's starts to run consensus on process id 160102 
2021-12-28 13:19:58,804 fc_node.py [line:62] prepare_bootstrap INFO node id 3 is inserting dummy payload TXs 
2021-12-28 13:21:34,355 fc_node.py [line:72] run INFO node 3's starts to run consensus on process id 160261 
2021-12-28 13:21:34,356 fc_node.py [line:62] prepare_bootstrap INFO node id 3 is inserting dummy payload TXs 
2021-12-28 13:31:43,694 fc_node.py [line:72] run INFO node 3's starts to run consensus on process id 160682 
2021-12-28 13:31:43,694 fc_node.py [line:62] prepare_bootstrap INFO node id 3 is inserting dummy payload TXs 
2021-12-28 13:40:29,055 fc_node.py [line:72] run INFO node 3's starts to run consensus on process id 160988 
2021-12-28 13:40:29,056 fc_node.py [line:62] prepare_bootstrap INFO node id 3 is inserting dummy payload TXs 
2021-12-28 13:43:05,036 fc_node.py [line:72] run INFO node 3's starts to run consensus on process id 161195 
2021-12-28 13:43:05,036 fc_node.py [line:62] prepare_bootstrap INFO node id 3 is inserting dummy payload TXs 
2021-12-28 13:44:47,438 fc_node.py [line:72] run INFO node 3's starts to run consensus on process id 161328 
2021-12-28 13:44:47,438 fc_node.py [line:62] prepare_bootstrap INFO node id 3 is inserting dummy payload TXs 
2021-12-28 13:46:07,686 fc_node.py [line:72] run INFO node 3's starts to run consensus on process id 161490 
2021-12-28 13:46:07,688 fc_node.py [line:62] prepare_bootstrap INFO node id 3 is inserting dummy payload TXs 
2021-12-28 13:48:12,615 fc_node.py [line:72] run INFO node 3's starts to run consensus on process id 161595 
2021-12-28 13:48:12,615 fc_node.py [line:62] prepare_bootstrap INFO node id 3 is inserting dummy payload TXs 
2021-12-28 15:17:01,067 fc_node.py [line:72] run INFO node 3's starts to run consensus on process id 163105 
2021-12-28 15:17:01,068 fc_node.py [line:62] prepare_bootstrap INFO node id 3 is inserting dummy payload TXs 
2021-12-28 15:18:49,191 fc_node.py [line:72] run INFO node 3's starts to run consensus on process id 163221 
2021-12-28 15:18:49,192 fc_node.py [line:62] prepare_bootstrap INFO node id 3 is inserting dummy payload TXs 
2021-12-28 15:35:55,585 fc_node.py [line:73] run INFO node 3's starts to run consensus on process id 163686 
2021-12-28 15:35:55,662 fc_node.py [line:63] prepare_bootstrap INFO node id 3 is inserting dummy payload TXs 
2021-12-28 15:40:50,241 fc_node.py [line:73] run INFO node 3's starts to run consensus on process id 163889 
2021-12-28 15:40:50,373 fc_node.py [line:63] prepare_bootstrap INFO node id 3 is inserting dummy payload TXs 
2021-12-28 15:43:34,391 fc_node.py [line:73] run INFO node 3's starts to run consensus on process id 164079 
2021-12-28 15:43:34,461 fc_node.py [line:63] prepare_bootstrap INFO node id 3 is inserting dummy payload TXs 
2021-12-28 15:50:03,258 fc_node.py [line:73] run INFO node 3's starts to run consensus on process id 164317 
2021-12-28 15:50:03,302 fc_node.py [line:63] prepare_bootstrap INFO node id 3 is inserting dummy payload TXs 
2021-12-28 15:58:23,134 fc_node.py [line:73] run INFO node 3's starts to run consensus on process id 164612 
2021-12-28 15:58:23,253 fc_node.py [line:63] prepare_bootstrap INFO node id 3 is inserting dummy payload TXs 
2021-12-28 20:31:03,464 fc_node.py [line:73] run INFO node 3's starts to run consensus on process id 171082 
2021-12-28 20:31:03,605 fc_node.py [line:63] prepare_bootstrap INFO node id 3 is inserting dummy payload TXs 
2021-12-28 20:45:27,621 fc_node.py [line:73] run INFO node 3's starts to run consensus on process id 171991 
2021-12-28 20:45:27,658 fc_node.py [line:63] prepare_bootstrap INFO node id 3 is inserting dummy payload TXs 
2021-12-28 21:04:48,441 fc_node.py [line:73] run INFO node 3's starts to run consensus on process id 172908 
2021-12-28 21:04:48,511 fc_node.py [line:63] prepare_bootstrap INFO node id 3 is inserting dummy payload TXs 
2021-12-28 21:23:58,631 fc_node.py [line:73] run INFO node 3's starts to run consensus on process id 173649 
2021-12-28 21:23:58,710 fc_node.py [line:63] prepare_bootstrap INFO node id 3 is inserting dummy payload TXs 
2021-12-28 21:33:54,769 fc_node.py [line:73] run INFO node 3's starts to run consensus on process id 174448 
2021-12-28 21:33:54,818 fc_node.py [line:63] prepare_bootstrap INFO node id 3 is inserting dummy payload TXs 
2021-12-29 10:04:48,191 fc_node.py [line:73] run INFO node 3's starts to run consensus on process id 182249 
2021-12-29 10:04:48,311 fc_node.py [line:63] prepare_bootstrap INFO node id 3 is inserting dummy payload TXs 
2021-12-29 10:13:00,301 fc_node.py [line:73] run INFO node 3's starts to run consensus on process id 182716 
2021-12-29 10:13:00,342 fc_node.py [line:63] prepare_bootstrap INFO node id 3 is inserting dummy payload TXs 
2021-12-29 10:18:58,202 fc_node.py [line:73] run INFO node 3's starts to run consensus on process id 182987 
2021-12-29 10:18:58,357 fc_node.py [line:63] prepare_bootstrap INFO node id 3 is inserting dummy payload TXs 
2021-12-29 10:55:32,222 fc_node.py [line:73] run INFO node 3's starts to run consensus on process id 185066 
2021-12-29 10:55:32,276 fc_node.py [line:63] prepare_bootstrap INFO node id 3 is inserting dummy payload TXs 
2021-12-29 11:08:54,217 fc_node.py [line:73] run INFO node 3's starts to run consensus on process id 185618 
2021-12-29 11:08:54,263 fc_node.py [line:63] prepare_bootstrap INFO node id 3 is inserting dummy payload TXs 
2021-12-29 11:20:03,132 fc_node.py [line:73] run INFO node 3's starts to run consensus on process id 186219 
2021-12-29 11:20:03,198 fc_node.py [line:63] prepare_bootstrap INFO node id 3 is inserting dummy payload TXs 
2021-12-29 11:26:04,783 fc_node.py [line:73] run INFO node 3's starts to run consensus on process id 186541 
2021-12-29 11:26:04,851 fc_node.py [line:63] prepare_bootstrap INFO node id 3 is inserting dummy payload TXs 
2021-12-29 11:27:42,904 fc_node.py [line:73] run INFO node 3's starts to run consensus on process id 186659 
2021-12-29 11:27:42,975 fc_node.py [line:63] prepare_bootstrap INFO node id 3 is inserting dummy payload TXs 
2021-12-29 11:30:36,244 fc_node.py [line:73] run INFO node 3's starts to run consensus on process id 186767 
2021-12-29 11:30:36,304 fc_node.py [line:63] prepare_bootstrap INFO node id 3 is inserting dummy payload TXs 
2021-12-29 11:33:21,317 fc_node.py [line:73] run INFO node 3's starts to run consensus on process id 186914 
2021-12-29 11:33:21,372 fc_node.py [line:63] prepare_bootstrap INFO node id 3 is inserting dummy payload TXs 
2021-12-29 11:35:39,042 fc_node.py [line:73] run INFO node 3's starts to run consensus on process id 187097 
2021-12-29 11:35:39,096 fc_node.py [line:63] prepare_bootstrap INFO node id 3 is inserting dummy payload TXs 
2021-12-29 11:38:44,685 fc_node.py [line:73] run INFO node 3's starts to run consensus on process id 187313 
2021-12-29 11:38:44,810 fc_node.py [line:63] prepare_bootstrap INFO node id 3 is inserting dummy payload TXs 
2021-12-29 11:41:34,166 fc_node.py [line:73] run INFO node 3's starts to run consensus on process id 187518 
2021-12-29 11:41:34,233 fc_node.py [line:63] prepare_bootstrap INFO node id 3 is inserting dummy payload TXs 
2021-12-29 11:43:05,424 fc_node.py [line:73] run INFO node 3's starts to run consensus on process id 187680 
2021-12-29 11:43:05,527 fc_node.py [line:63] prepare_bootstrap INFO node id 3 is inserting dummy payload TXs 
2021-12-29 11:47:07,270 fc_node.py [line:73] run INFO node 3's starts to run consensus on process id 187850 
2021-12-29 11:47:07,376 fc_node.py [line:63] prepare_bootstrap INFO node id 3 is inserting dummy payload TXs 
2021-12-29 12:31:56,660 fc_node.py [line:73] run INFO node 3's starts to run consensus on process id 188734 
2021-12-29 12:31:56,712 fc_node.py [line:63] prepare_bootstrap INFO node id 3 is inserting dummy payload TXs 
2021-12-29 12:33:45,956 fc_node.py [line:73] run INFO node 3's starts to run consensus on process id 188905 
2021-12-29 12:33:46,042 fc_node.py [line:63] prepare_bootstrap INFO node id 3 is inserting dummy payload TXs 
2021-12-29 12:37:19,754 fc_node.py [line:73] run INFO node 3's starts to run consensus on process id 189159 
2021-12-29 12:37:19,877 fc_node.py [line:63] prepare_bootstrap INFO node id 3 is inserting dummy payload TXs 
2021-12-29 12:45:38,775 fc_node.py [line:73] run INFO node 3's starts to run consensus on process id 189808 
2021-12-29 12:45:38,828 fc_node.py [line:63] prepare_bootstrap INFO node id 3 is inserting dummy payload TXs 
2021-12-29 13:16:53,981 fc_node.py [line:73] run INFO node 3's starts to run consensus on process id 190520 
2021-12-29 13:16:54,046 fc_node.py [line:63] prepare_bootstrap INFO node id 3 is inserting dummy payload TXs 
2021-12-29 13:36:46,908 fc_node.py [line:73] run INFO node 3's starts to run consensus on process id 191730 
2021-12-29 13:36:46,956 fc_node.py [line:63] prepare_bootstrap INFO node id 3 is inserting dummy payload TXs 
2021-12-29 13:41:42,781 fc_node.py [line:73] run INFO node 3's starts to run consensus on process id 192036 
2021-12-29 13:41:42,846 fc_node.py [line:63] prepare_bootstrap INFO node id 3 is inserting dummy payload TXs 
2021-12-29 13:53:39,106 fc_node.py [line:73] run INFO node 3's starts to run consensus on process id 192387 
2021-12-29 13:53:39,152 fc_node.py [line:63] prepare_bootstrap INFO node id 3 is inserting dummy payload TXs 
2021-12-29 16:00:28,962 fc_node.py [line:73] run INFO node 3's starts to run consensus on process id 194404 
2021-12-29 16:00:29,009 fc_node.py [line:63] prepare_bootstrap INFO node id 3 is inserting dummy payload TXs 
2021-12-29 16:10:35,991 fc_node.py [line:73] run INFO node 3's starts to run consensus on process id 194762 
2021-12-29 16:10:36,075 fc_node.py [line:63] prepare_bootstrap INFO node id 3 is inserting dummy payload TXs 
2021-12-29 16:15:03,922 fc_node.py [line:73] run INFO node 3's starts to run consensus on process id 194956 
2021-12-29 16:15:03,974 fc_node.py [line:63] prepare_bootstrap INFO node id 3 is inserting dummy payload TXs 
2021-12-29 16:47:36,047 fc_node.py [line:73] run INFO node 3's starts to run consensus on process id 196827 
2021-12-29 16:47:36,094 fc_node.py [line:63] prepare_bootstrap INFO node id 3 is inserting dummy payload TXs 
2021-12-29 16:58:20,369 fc_node.py [line:73] run INFO node 3's starts to run consensus on process id 197161 
2021-12-29 16:58:20,457 fc_node.py [line:63] prepare_bootstrap INFO node id 3 is inserting dummy payload TXs 
2021-12-29 17:05:44,054 fc_node.py [line:73] run INFO node 3's starts to run consensus on process id 197518 
2021-12-29 17:05:44,101 fc_node.py [line:63] prepare_bootstrap INFO node id 3 is inserting dummy payload TXs 
2021-12-29 17:15:41,599 fc_node.py [line:73] run INFO node 3's starts to run consensus on process id 197876 
2021-12-29 17:15:41,706 fc_node.py [line:63] prepare_bootstrap INFO node id 3 is inserting dummy payload TXs 
2021-12-29 17:25:37,302 fc_node.py [line:73] run INFO node 3's starts to run consensus on process id 198209 
2021-12-29 17:25:37,357 fc_node.py [line:63] prepare_bootstrap INFO node id 3 is inserting dummy payload TXs 
2021-12-29 17:32:46,150 fc_node.py [line:73] run INFO node 3's starts to run consensus on process id 198523 
2021-12-29 17:32:46,219 fc_node.py [line:63] prepare_bootstrap INFO node id 3 is inserting dummy payload TXs 
2021-12-29 18:50:45,447 fc_node.py [line:73] run INFO node 3's starts to run consensus on process id 200010 
2021-12-29 18:50:45,496 fc_node.py [line:63] prepare_bootstrap INFO node id 3 is inserting dummy payload TXs 
2021-12-29 18:54:50,968 fc_node.py [line:73] run INFO node 3's starts to run consensus on process id 200243 
2021-12-29 18:54:51,045 fc_node.py [line:63] prepare_bootstrap INFO node id 3 is inserting dummy payload TXs 
2021-12-29 18:59:26,966 fc_node.py [line:73] run INFO node 3's starts to run consensus on process id 200437 
2021-12-29 18:59:27,014 fc_node.py [line:63] prepare_bootstrap INFO node id 3 is inserting dummy payload TXs 
2021-12-29 19:08:35,234 fc_node.py [line:73] run INFO node 3's starts to run consensus on process id 201127 
2021-12-29 19:08:35,280 fc_node.py [line:63] prepare_bootstrap INFO node id 3 is inserting dummy payload TXs 
2021-12-29 19:24:56,942 fc_node.py [line:73] run INFO node 3's starts to run consensus on process id 201552 
2021-12-29 19:24:57,012 fc_node.py [line:63] prepare_bootstrap INFO node id 3 is inserting dummy payload TXs 
2021-12-29 22:01:02,737 fc_node.py [line:73] run INFO node 3's starts to run consensus on process id 209698 
2021-12-29 22:01:02,781 fc_node.py [line:63] prepare_bootstrap INFO node id 3 is inserting dummy payload TXs 
2022-02-16 20:21:10,353 fc_node.py [line:78] run INFO node 3's starts to run consensus on process id 48000 
2022-02-16 20:21:10,439 fc_node.py [line:68] prepare_bootstrap INFO node id 3 is inserting dummy payload TXs 
2022-02-16 20:23:01,480 fc_node.py [line:78] run INFO node 3's starts to run consensus on process id 48149 
2022-02-16 20:23:01,548 fc_node.py [line:68] prepare_bootstrap INFO node id 3 is inserting dummy payload TXs 
2022-02-16 20:24:18,388 fc_node.py [line:78] run INFO node 3's starts to run consensus on process id 48298 
2022-02-16 20:24:18,521 fc_node.py [line:68] prepare_bootstrap INFO node id 3 is inserting dummy payload TXs 
2022-02-16 20:28:03,897 fc_node.py [line:78] run INFO node 3's starts to run consensus on process id 48510 
2022-02-16 20:28:03,946 fc_node.py [line:68] prepare_bootstrap INFO node id 3 is inserting dummy payload TXs 
2022-02-16 20:28:03,946 fastconfirm.py [line:442] run_fast INFO 3 start consensus round: 1 
2022-02-16 20:28:04,852 fastconfirm.py [line:442] run_fast INFO 3 start consensus round: 2 
2022-02-16 20:28:05,758 fastconfirm.py [line:442] run_fast INFO 3 start consensus round: 3 
2022-02-16 20:31:01,587 fc_node.py [line:78] run INFO node 3's starts to run consensus on process id 48656 
2022-02-16 20:31:01,637 fc_node.py [line:68] prepare_bootstrap INFO node id 3 is inserting dummy payload TXs 
2022-02-16 20:31:01,637 fastconfirm.py [line:444] run_fast INFO 3 start consensus round: 1 
2022-02-16 20:31:02,543 fastconfirm.py [line:444] run_fast INFO 3 start consensus round: 2 
2022-02-16 20:31:03,346 fastconfirm.py [line:376] fastconfirm_round INFO output1 in round 2: (b'O?\xc3H\xa8\x18\x94\x1aFNA_\xffk\x9dAl\x1d\xdc;\x1cdt8a\xd3(\xfb\xc3E\xbc\xd6', ['<Dummy TX: 5IJNGVD2K4NWCX7VMYSG9LPBXFOBMOERTQ0T3FA5FHGBGVPJAGBNENSDXJ4EUL21DFNFV3B516SVE7MPPQPO7K7N4ZZQ5PNIW7MUPAMLASQB9BOL3FUGVQ6XBAMVYESBE1MINV0L36VGM2E7HBOQHUHF85VPPO4VLOIBK6K5B9KVHFJQQBD37NEEYOMD4K6WTCTNVGZ80HFO5YBU93OTAV3RDQTO8YPS4M0TP4JL2KQR4HXG>', '<Dummy TX: KZJUZUL6VOXQ0K8GVHYWDFL4HAX4MCNCR1OD6KFVQN3E352K5WIMJ17IDS0XTLBOTFUQ7JA03UL2TY9BEME8SKA0H5CMSH16VL9QVIJCDG9BPUY2U7V6HFBAOESGIJH6Y2C2DLF0GGCGOFNCC3CWVY2PIG0SA0Q5S1Z3V5AXGEYPQJG47LAAIHRF5VQU4UXAXBDI5FNPWERMSPP8R0E3LIXFW3G4WPLA12QHXBJPAEM46WF9>', '<Dummy TX: J6C5C9V6LG2FFECPSVK6UFGS3JUN4RTMNTKNH8ECJE70MEYP7C1PURR0YX8M5G14MW4BHAWFU0B0I4E26UXWWG6I01XWKS1SD4CO94IGSP1PYLT19NBH3VZ0NOSQBZ6Q7A5R97N9K1LDI570RYRRKZ9C49SLM8CK1Z9S0EN8NZTVCCXIGUFD26JLBESAEZSNTB22EYOEUFI34A31GLGS5QDFZOHEUBG7UZLWQYYNQNXUGSTX>']) 
2022-02-16 20:31:03,447 fastconfirm.py [line:444] run_fast INFO 3 start consensus round: 3 
2022-02-16 20:31:04,250 fastconfirm.py [line:376] fastconfirm_round INFO output1 in round 3: (b'O?\xc3H\xa8\x18\x94\x1aFNA_\xffk\x9dAl\x1d\xdc;\x1cdt8a\xd3(\xfb\xc3E\xbc\xd6', ['<Dummy TX: TYLINS3AYDVQKWQ87I3SLT0NXLUJ70VWWT9FATHL0ZQD4P9V7FOD2BWZ1B4LLVLH2AJUYEI1D6G0NIHUC8G5U9BKLKF1W3YQSG2RCA9ELWOSDL8UMGDMPPMZVDG7PP8V0FIRYAX9JLM5P71E5JESBZ7529P2FUU4KG3N9NVK4AN3BIG1CWVIEBNXLR2J2QT5THP3D7W925RPSVTW9BK1X8GZVHHXEWBE13BYW7UWB99S8TSO>', '<Dummy TX: 70CZ0DCM1MFKCM5TNPC12T86W4OF6DOBUEIX4G4NS10I7PEZYNLFH1JZKV8Q1T6Q4J63CH8OT2LBF911O0DKNW6DF45GQBED5IDD1DXVFRVOWVSH47QFBKXOOS07YZS6W6Z6MOYEIGU3XXA2A5IGC8TM6S2DW2N3MOR1R75MJ6IGXQ269JVTZUCALJ0ZD20LW9EEDHG1R9QBMNWSYKYC5TA102ZPHBFX0LGHPFR5QPH2OZHW>', '<Dummy TX: Q76IUCLE729OYA8J7VEXMU1G1Z8RFOUGFRQ425ZB20O1UQHCIV2WWEKDPYXNFEXM2IH4ZQT3S35LLQ3H2YV2SWRPGWNXUSKPFESH2K1BEL63QXQ2CC6HDMYWEU7Q0XOWB6QDUS5I92722OUSZG1CUCDMTC3BSNZU8JTMPINYGPLJD3Q7O79GMFK4GA32Y4CSH7J27A1USV712GYRHLGL3UCEGDO6DL85IAFQ6012X946NKVK>']) 
2022-02-28 09:23:07,672 fc_node.py [line:81] run INFO node 3's starts to run consensus on process id 50670 
2022-02-28 09:23:07,728 fc_node.py [line:71] prepare_bootstrap INFO node id 3 is inserting dummy payload TXs 
2022-02-28 09:23:07,728 fastconfirm.py [line:452] run_fast INFO 3 start consensus round: 1 
2022-02-28 09:23:11,733 fastconfirm.py [line:375] fastconfirm_round INFO output round1 directly 1 
2022-02-28 09:23:11,833 fastconfirm.py [line:452] run_fast INFO 3 start consensus round: 2 
2022-02-28 09:23:15,837 fastconfirm.py [line:383] fastconfirm_round INFO output1 in round 2: (b'O?\xc3H\xa8\x18\x94\x1aFNA_\xffk\x9dAl\x1d\xdc;\x1cdt8a\xd3(\xfb\xc3E\xbc\xd6', ['<Dummy TX: LYBIABXAIXDWECQVSR5QHG11QH553RRY24TOVADIMDFY7OLUP9FJ657UYKXO7CSH0Z3LNGQ6J4BGW3QSQ4JB171JVJVDDTAMXN9CC5QMP0LP7UIZ2S1CUJ4TJIW1RN1V013Y46PXMORZJM6TTY73DX89G4R40STWJWLDQWB9Z2I99HBB30322N2B37DIFC0KZAJP4GLEBLRGIOFUML050WKA26NY8IQN4JREWKUQFVYGR2HX>', '<Dummy TX: GIR97HJIFWZTZCV8GDLKLRATRJQ222CCHU1VFVZNX152S245INMS18DPY2ED8LOOHO76CWWNB1CA4BXR82EZXN2L7HVC66P2ND2PDOBJ4BETRV5WG2J4GGFGSFF940QWJFCKIZ81M6NJTUTFBA4N33BNC63TI5OCL2ITC8TUB21LTHQHGBQ0SB1SUDHQFV2D3W6GXYR57AVG4M9BNNN5MEMPYMQTF3N742WP2AW45QQOAIAA>', '<Dummy TX: 96ACF36VWA9WT3IFSSDF75MR9KCAOLKNPKFFZN1FCVJAHX2CNJT0MV0UWPSJ6L13L2E063P9JG6DSON83TQ05JFYDR6O7A50MM00DKTVB6OLT7EDZ9D2JL9G1Z4889OYYB2YL3LLZARQEZIA771NRMG0TQOKASX96DV1B0W40N822CW1K7LRTI2EHAPT8VKSZ83ZVJYK4V0D2NIV76CY7K2MZ5ZJUHJVKS4491KZA4Z4TY5E>']) 
2022-02-28 09:23:15,937 fastconfirm.py [line:452] run_fast INFO 3 start consensus round: 3 
2022-02-28 09:23:19,941 fastconfirm.py [line:383] fastconfirm_round INFO output1 in round 3: (b'O?\xc3H\xa8\x18\x94\x1aFNA_\xffk\x9dAl\x1d\xdc;\x1cdt8a\xd3(\xfb\xc3E\xbc\xd6', ['<Dummy TX: EELF0P6LMC2WMR7E48VZJ3JGFIWOMH1N8KKCSN7NHZUCH6SHOFWGVAGIZNTTAFCRWND6H19YX4FK63U1OZ9YRJTZKEUGZIAQ8HQF6YE8WQNJDW2Z9EAQUYSDJYX65XN77J8NRYWDYH8ZRQMN1W9GWIFR7FRYFFLBYH2AYWXBPHBDOOGPM9GDY77DAGTQOR6SYK2NSE32LJ0CKW0M4JSRMAYRJH3SJ7M79TGVDNEP6K0C7BVA>', '<Dummy TX: EE26SUVXNL0DVEGIUJV85QT7SPUGH7C3X4KYPXTU1ZKE9ZPWAH3K0018WBIGOY55MGHB0KM2T4U9BXZM891OEU8BO9I97UH9NFAEUC7KR9LY67UMIRLG0KG7L8U1D2Y8URTPEX9MU8TNAGBG0LK9D0RHU231063MKIXMMLI8OTIWMYWPPDTVA013OP5C95E4XW5OQ1OPCLQ5UHRLAZMGDIZ5VQCMD6NHGGC98L3HJQ9FO56G>', '<Dummy TX: O1PE3GCYAIDODIIEVJHUEM6RYFE7UVJBAX9R2S1G299WPGR3ICWXHR2X54G7PKUO23SOOCYO1OEGP9KV71HYDCJS1NNCG7ECTUH4HPX8IK23CWNDMDSIO42U7QD0TZ3OVUDKNC2SR5DNN21RZUI98IH3Q7EJL3QAL28H999U5U0Z5WYYWPFO16TFPKHM37XH0CCLW1Z7AYJ67JKH7TGNZR22Y48YGM7MDOI08L5DX46N99KE>']) 
